#
# There is insufficient memory for the Java Runtime Environment to continue.
# Native memory allocation (mmap) failed to map 132120576 bytes. Error detail: G1 virtual space
# Possible reasons:
#   The system is out of physical RAM or swap space
#   This process is running with CompressedOops enabled, and the Java Heap may be blocking the growth of the native heap
# Possible solutions:
#   Reduce memory load on the system
#   Increase physical memory or swap space
#   Check if swap backing store is full
#   Decrease Java heap size (-Xmx/-Xms)
#   Decrease number of Java threads
#   Decrease Java thread stack sizes (-Xss)
#   Set larger code cache with -XX:ReservedCodeCacheSize=
#   JVM is running with Unscaled Compressed Oops mode in which the Java heap is
#     placed in the first 4GB address space. The Java Heap base address is the
#     maximum limit for the native heap growth. Please use -XX:HeapBaseMinAddress
#     to set the Java Heap base and to place the Java Heap above 4GB virtual address.
# This output file may be truncated or incomplete.
#
#  Out of Memory Error (os_windows.cpp:3828), pid=10796, tid=14660
#
# JRE version:  (21.0.5) (build )
# Java VM: OpenJDK 64-Bit Server VM (21.0.5+-13047016-b750.29, mixed mode, sharing, tiered, compressed oops, compressed class ptrs, g1 gc, windows-amd64)
# No core dump will be written. Minidumps are not enabled by default on client versions of Windows
#

---------------  S U M M A R Y ------------

Command Line: org.jetbrains.kotlin.cli.jvm.K2JVMCompiler @D:\Twitter2\app\build\20250404_12970065253833849920.compiler.options

Host: Intel(R) Core(TM) i5-6300U CPU @ 2.40GHz, 4 cores, 7G,  Windows 10 , 64 bit Build 19041 (10.0.19041.5678)
Time: Fri Apr  4 03:23:53 2025 SE Asia Standard Time elapsed time: 0.017499 seconds (0d 0h 0m 0s)

---------------  T H R E A D  ---------------

Current thread (0x0000014b4b42f930):  JavaThread "Unknown thread" [_thread_in_vm, id=14660, stack(0x0000003f32c00000,0x0000003f32d00000) (1024K)]

Stack: [0x0000003f32c00000,0x0000003f32d00000]
Native frames: (J=compiled Java code, j=interpreted, Vv=VM code, C=native code)
V  [jvm.dll+0x6cfb29]
V  [jvm.dll+0x85df93]
V  [jvm.dll+0x8604ee]
V  [jvm.dll+0x860bd3]
V  [jvm.dll+0x27e6b6]
V  [jvm.dll+0x6cc385]
V  [jvm.dll+0x6c078a]
V  [jvm.dll+0x35525b]
V  [jvm.dll+0x35ceb6]
V  [jvm.dll+0x3aedd6]
V  [jvm.dll+0x3af0a8]
V  [jvm.dll+0x32792c]
V  [jvm.dll+0x32861b]
V  [jvm.dll+0x8259d9]
V  [jvm.dll+0x3bbfa8]
V  [jvm.dll+0x80ec88]
V  [jvm.dll+0x45015e]
V  [jvm.dll+0x4518c1]
C  [jli.dll+0x52ab]
C  [ucrtbase.dll+0x21bb2]
C  [KERNEL32.DLL+0x17374]
C  [ntdll.dll+0x4cc91]


---------------  P R O C E S S  ---------------

Threads class SMR info:
_java_thread_list=0x00007ffb990a0808, length=0, elements={
}

Java Threads: ( => current thread )
Total: 0

Other Threads:
  0x0000014b4b484480 WorkerThread "GC Thread#0"                     [id=13544, stack(0x0000003f32d00000,0x0000003f32e00000) (1024K)]
  0x0000014b4b4958e0 ConcurrentGCThread "G1 Main Marker"            [id=15348, stack(0x0000003f32e00000,0x0000003f32f00000) (1024K)]
  0x0000014b4b496b80 WorkerThread "G1 Conc#0"                       [id=12472, stack(0x0000003f32f00000,0x0000003f33000000) (1024K)]

[error occurred during error reporting (printing all threads), id 0xc0000005, EXCEPTION_ACCESS_VIOLATION (0xc0000005) at pc=0x00007ffb9889a967]
VM state: not at safepoint (not fully initialized)

VM Mutex/Monitor currently owned by a thread:  ([mutex/lock_event])
[0x00007ffb9910d460] Heap_lock - owner thread: 0x0000014b4b42f930

Heap address: 0x0000000082800000, size: 2008 MB, Compressed Oops mode: 32-bit

CDS archive(s) mapped at: [0x0000000000000000-0x0000000000000000-0x0000000000000000), size 0, SharedBaseAddress: 0x0000000800000000, ArchiveRelocationMode: 1.
Narrow klass base: 0x0000000000000000, Narrow klass shift: 0, Narrow klass range: 0x0

GC Precious Log:
 CardTable entry size: 512
 Card Set container configuration: InlinePtr #cards 5 size 8 Array Of Cards #cards 12 size 40 Howl #buckets 4 coarsen threshold 1843 Howl Bitmap #cards 512 size 80 coarsen threshold 460 Card regions per heap region 1 cards per card region 2048

Heap:
 garbage-first heap   total 0K, used 0K [0x0000000082800000, 0x0000000100000000)
  region size 1024K, 0 young (0K), 0 survivors (0K)
 Metaspace       used 0K, committed 0K, reserved 0K
  class space    used 0K, committed 0K, reserved 0K

Heap Regions: E=young(eden), S=young(survivor), O=old, HS=humongous(starts), HC=humongous(continues), CS=collection set, F=free, TAMS=top-at-mark-start, PB=parsable bottom

Card table byte_map: [0x0000014b5d980000,0x0000014b5dd70000] _byte_map_base: 0x0000014b5d56c000

Marking Bits: (CMBitMap*) 0x0000014b4b485390
 Bits: [0x0000014b5dd70000, 0x0000014b5fcd0000)

GC Heap History (0 events):
No events

Dll operation events (1 events):
Event: 0.010 Loaded shared library D:\Android Studio Install\jbr\bin\java.dll

Deoptimization events (0 events):
No events

Classes loaded (0 events):
No events

Classes unloaded (0 events):
No events

Classes redefined (0 events):
No events

Internal exceptions (0 events):
No events

ZGC Phase Switch (0 events):
No events

VM Operations (0 events):
No events

Memory protections (0 events):
No events

Nmethod flushes (0 events):
No events

Events (0 events):
No events


Dynamic libraries:
0x00007ff61e2b0000 - 0x00007ff61e2ba000 	D:\Android Studio Install\jbr\bin\java.exe
0x00007ffc20e50000 - 0x00007ffc21048000 	C:\Windows\SYSTEM32\ntdll.dll
0x00007ffc1f2a0000 - 0x00007ffc1f362000 	C:\Windows\System32\KERNEL32.DLL
0x00007ffc1e760000 - 0x00007ffc1ea56000 	C:\Windows\System32\KERNELBASE.dll
0x00007ffc1ebb0000 - 0x00007ffc1ecb0000 	C:\Windows\System32\ucrtbase.dll
0x00007ffc18800000 - 0x00007ffc1881b000 	D:\Android Studio Install\jbr\bin\VCRUNTIME140.dll
0x00007ffc16ac0000 - 0x00007ffc16ad8000 	D:\Android Studio Install\jbr\bin\jli.dll
0x00007ffc1f100000 - 0x00007ffc1f29d000 	C:\Windows\System32\USER32.dll
0x00007ffc1edb0000 - 0x00007ffc1edd2000 	C:\Windows\System32\win32u.dll
0x00007ffc094b0000 - 0x00007ffc0974a000 	C:\Windows\WinSxS\amd64_microsoft.windows.common-controls_6595b64144ccf1df_6.0.19041.4355_none_60b8b9eb71f62e16\COMCTL32.dll
0x00007ffc1f3a0000 - 0x00007ffc1f3cb000 	C:\Windows\System32\GDI32.dll
0x00007ffc1ef90000 - 0x00007ffc1f02e000 	C:\Windows\System32\msvcrt.dll
0x00007ffc1ea90000 - 0x00007ffc1ebaa000 	C:\Windows\System32\gdi32full.dll
0x00007ffc1e630000 - 0x00007ffc1e6cd000 	C:\Windows\System32\msvcp_win.dll
0x00007ffc1f370000 - 0x00007ffc1f39f000 	C:\Windows\System32\IMM32.DLL
0x00007ffc1af80000 - 0x00007ffc1af8c000 	D:\Android Studio Install\jbr\bin\vcruntime140_1.dll
0x00007ffbf4120000 - 0x00007ffbf41ad000 	D:\Android Studio Install\jbr\bin\msvcp140.dll
0x00007ffb98560000 - 0x00007ffb991ea000 	D:\Android Studio Install\jbr\bin\server\jvm.dll
0x00007ffc20100000 - 0x00007ffc201b1000 	C:\Windows\System32\ADVAPI32.dll
0x00007ffc20d70000 - 0x00007ffc20e0f000 	C:\Windows\System32\sechost.dll
0x00007ffc1ee60000 - 0x00007ffc1ef83000 	C:\Windows\System32\RPCRT4.dll
0x00007ffc1ea60000 - 0x00007ffc1ea87000 	C:\Windows\System32\bcrypt.dll
0x00007ffc20780000 - 0x00007ffc207eb000 	C:\Windows\System32\WS2_32.dll
0x00007ffc1da10000 - 0x00007ffc1da5b000 	C:\Windows\SYSTEM32\POWRPROF.dll
0x00007ffc097d0000 - 0x00007ffc097f7000 	C:\Windows\SYSTEM32\WINMM.dll
0x00007ffc15610000 - 0x00007ffc1561a000 	C:\Windows\SYSTEM32\VERSION.dll
0x00007ffc1d8d0000 - 0x00007ffc1d8e2000 	C:\Windows\SYSTEM32\UMPDC.dll
0x00007ffc1ccf0000 - 0x00007ffc1cd02000 	C:\Windows\SYSTEM32\kernel.appcore.dll
0x00007ffc18790000 - 0x00007ffc1879a000 	D:\Android Studio Install\jbr\bin\jimage.dll
0x00007ffc157a0000 - 0x00007ffc15984000 	C:\Windows\SYSTEM32\DBGHELP.DLL
0x00007ffc156f0000 - 0x00007ffc15724000 	C:\Windows\SYSTEM32\dbgcore.DLL
0x00007ffc1e6d0000 - 0x00007ffc1e752000 	C:\Windows\System32\bcryptPrimitives.dll
0x00007ffc183d0000 - 0x00007ffc183f0000 	D:\Android Studio Install\jbr\bin\java.dll

dbghelp: loaded successfully - version: 4.0.5 - missing functions: none
symbol engine: initialized successfully - sym options: 0x614 - pdb path: .;D:\Android Studio Install\jbr\bin;C:\Windows\SYSTEM32;C:\Windows\WinSxS\amd64_microsoft.windows.common-controls_6595b64144ccf1df_6.0.19041.4355_none_60b8b9eb71f62e16;D:\Android Studio Install\jbr\bin\server

VM Arguments:
java_command: org.jetbrains.kotlin.cli.jvm.K2JVMCompiler @D:\Twitter2\app\build\20250404_12970065253833849920.compiler.options
java_class_path (initial): C:\Users\LENOVO\.gradle\caches\modules-2\files-2.1\org.jetbrains.kotlin\kotlin-compiler-embeddable\2.0.0\1de310de3446414381282ffc46c3ed3919a4d1da\kotlin-compiler-embeddable-2.0.0.jar;C:\Users\LENOVO\.gradle\caches\modules-2\files-2.1\org.jetbrains.kotlin\kotlin-stdlib\2.0.0\b48df2c4aede9586cc931ead433bc02d6fd7879e\kotlin-stdlib-2.0.0.jar;C:\Users\LENOVO\.gradle\caches\modules-2\files-2.1\org.jetbrains.kotlin\kotlin-script-runtime\2.0.0\fdc27dd047d592fa41d2dfa21e7621287a361612\kotlin-script-runtime-2.0.0.jar;C:\Users\LENOVO\.gradle\caches\modules-2\files-2.1\org.jetbrains.kotlin\kotlin-reflect\1.6.10\1cbe9c92c12a94eea200d23c2bbaedaf3daf5132\kotlin-reflect-1.6.10.jar;C:\Users\LENOVO\.gradle\caches\modules-2\files-2.1\org.jetbrains.kotlin\kotlin-daemon-embeddable\2.0.0\b39c612768614c4428c96ee9c65477181fffe9d\kotlin-daemon-embeddable-2.0.0.jar;C:\Users\LENOVO\.gradle\caches\modules-2\files-2.1\org.jetbrains.intellij.deps\trove4j\1.0.20200330\3afb14d5f9ceb459d724e907a21145e8ff394f02\trove4j-1.0.20200330.jar;C:\Users\LENOVO\.gradle\caches\modules-2\files-2.1\org.jetbrains\annotations\13.0\919f0dfe192fb4e063e7dacadee7f8bb9a2672a9\annotations-13.0.jar
Launcher Type: SUN_STANDARD

[Global flags]
     intx CICompilerCount                          = 3                                         {product} {ergonomic}
     uint ConcGCThreads                            = 1                                         {product} {ergonomic}
     uint G1ConcRefinementThreads                  = 4                                         {product} {ergonomic}
   size_t G1HeapRegionSize                         = 1048576                                   {product} {ergonomic}
    uintx GCDrainStackTargetSize                   = 64                                        {product} {ergonomic}
   size_t InitialHeapSize                          = 132120576                                 {product} {ergonomic}
   size_t MarkStackSize                            = 4194304                                   {product} {ergonomic}
   size_t MaxHeapSize                              = 2105540608                                {product} {ergonomic}
   size_t MinHeapDeltaBytes                        = 1048576                                   {product} {ergonomic}
   size_t MinHeapSize                              = 8388608                                   {product} {ergonomic}
    uintx NonNMethodCodeHeapSize                   = 5832780                                {pd product} {ergonomic}
    uintx NonProfiledCodeHeapSize                  = 122912730                              {pd product} {ergonomic}
    uintx ProfiledCodeHeapSize                     = 122912730                              {pd product} {ergonomic}
    uintx ReservedCodeCacheSize                    = 251658240                              {pd product} {ergonomic}
     bool SegmentedCodeCache                       = true                                      {product} {ergonomic}
   size_t SoftMaxHeapSize                          = 2105540608                             {manageable} {ergonomic}
     bool UseCompressedOops                        = true                           {product lp64_product} {ergonomic}
     bool UseG1GC                                  = true                                      {product} {ergonomic}
     bool UseLargePagesIndividualAllocation        = false                                  {pd product} {ergonomic}

Logging:
Log output configuration:
 #0: stdout all=warning uptime,level,tags foldmultilines=false
 #1: stderr all=off uptime,level,tags foldmultilines=false

Environment Variables:
JAVA_HOME=C:\Program Files\java-se-8u41-ri
PATH=C:\Program Files\PostgreSQL\16\bin;C:\Program Files\Common Files\Oracle\Java\javapath;C:\Windows\system32;C:\Windows;C:\Windows\System32\Wbem;C:\Windows\System32\WindowsPowerShell\v1.0\;C:\Windows\System32\OpenSSH\;c:\Program Files (x86)\Intel\Intel(R) Management Engine Components\DAL;c:\Program Files\Intel\Intel(R) Management Engine Components\DAL;%JAVA_HOME%\bin;C:\xampp\mysql\bin;D:\Git\cmd;D:\NodeJS\;C:\Program Files\PostgreSQL\16\bin;C:\Program Files\Common Files\Oracle\Java\javapath;C:\Windows\system32;C:\Windows;C:\Windows\System32\Wbem;C:\Windows\System32\WindowsPowerShell\v1.0\;C:\Windows\System32\OpenSSH\;c:\Program Files (x86)\Intel\Intel(R) Management Engine Components\DAL;c:\Program Files\Intel\Intel(R) Management Engine Components\DAL;C:\Program Files\java-se-8u41-ri\bin;C:\xampp\mysql\bin;D:\Git\cmd;D:\NodeJS\;C:\Users\LENOVO\AppData\Local\Programs\Python\Launcher\;C:\Users\LENOVO\AppData\Local\Microsoft\WindowsApps;C:\Program Files\java-se-8u41-ri\bin;C:\Users\LENOVO\AppData\Local\Programs\Microsoft VS Code\bin;C:\Users\LENOVO\AppData\Roaming\npm;D:\npm-global\bin
USERNAME=LENOVO
OS=Windows_NT
PROCESSOR_IDENTIFIER=Intel64 Family 6 Model 78 Stepping 3, GenuineIntel
TMP=C:\Users\LENOVO\AppData\Local\Temp
TEMP=C:\Users\LENOVO\AppData\Local\Temp




Periodic native trim disabled

JNI global refs:
JNI global refs: 0, weak refs: 0

JNI global refs memory usage: 0, weak refs: 0

Process memory usage:
Resident Set Size: 10668K (0% of 8219548K total physical memory with 564368K free physical memory)

OOME stack traces (most recent first):
Classloader memory used:

---------------  S Y S T E M  ---------------

OS:
 Windows 10 , 64 bit Build 19041 (10.0.19041.5678)
OS uptime: 5 days 23:25 hours

CPU: total 4 (initial active 4) (2 cores per cpu, 2 threads per core) family 6 model 78 stepping 3 microcode 0xf0, cx8, cmov, fxsr, ht, mmx, 3dnowpref, sse, sse2, sse3, ssse3, sse4.1, sse4.2, popcnt, lzcnt, tsc, tscinvbit, avx, avx2, aes, erms, clmul, bmi1, bmi2, rtm, adx, fma, vzeroupper, clflush, clflushopt, rdtscp, f16c
Processor Information for all 4 processors :
  Max Mhz: 2496, Current Mhz: 2396, Mhz Limit: 2396

Memory: 4k page, system-wide physical 8026M (551M free)
TotalPageFile size 14376M (AvailPageFile size 79M)
current process WorkingSet (physical memory assigned to process): 10M, peak: 10M
current process commit charge ("private bytes"): 51M, peak: 177M

vm_info: OpenJDK 64-Bit Server VM (21.0.5+-13047016-b750.29) for windows-amd64 JRE (21.0.5+-13047016-b750.29), built on 2025-02-11T21:12:39Z by "builder" with MS VC++ 16.10 / 16.11 (VS2019)

END.
