#
# There is insufficient memory for the Java Runtime Environment to continue.
# Native memory allocation (malloc) failed to allocate 32744 bytes. Error detail: Chunk::new
# Possible reasons:
#   The system is out of physical RAM or swap space
#   This process is running with CompressedOops enabled, and the Java Heap may be blocking the growth of the native heap
# Possible solutions:
#   Reduce memory load on the system
#   Increase physical memory or swap space
#   Check if swap backing store is full
#   Decrease Java heap size (-Xmx/-Xms)
#   Decrease number of Java threads
#   Decrease Java thread stack sizes (-Xss)
#   Set larger code cache with -XX:ReservedCodeCacheSize=
#   JVM is running with Unscaled Compressed Oops mode in which the Java heap is
#     placed in the first 4GB address space. The Java Heap base address is the
#     maximum limit for the native heap growth. Please use -XX:HeapBaseMinAddress
#     to set the Java Heap base and to place the Java Heap above 4GB virtual address.
# This output file may be truncated or incomplete.
#
#  Out of Memory Error (arena.cpp:168), pid=16580, tid=11076
#
# JRE version: OpenJDK Runtime Environment (21.0.5) (build 21.0.5+-13047016-b750.29)
# Java VM: OpenJDK 64-Bit Server VM (21.0.5+-13047016-b750.29, mixed mode, tiered, compressed oops, compressed class ptrs, g1 gc, windows-amd64)
# No core dump will be written. Minidumps are not enabled by default on client versions of Windows
#

---------------  S U M M A R Y ------------

Command Line: --add-opens=java.base/java.lang=ALL-UNNAMED --add-opens=java.base/java.lang.invoke=ALL-UNNAMED --add-opens=java.base/java.util=ALL-UNNAMED --add-opens=java.prefs/java.util.prefs=ALL-UNNAMED --add-exports=jdk.compiler/com.sun.tools.javac.api=ALL-UNNAMED --add-exports=jdk.compiler/com.sun.tools.javac.util=ALL-UNNAMED --add-opens=java.base/java.util=ALL-UNNAMED --add-opens=java.prefs/java.util.prefs=ALL-UNNAMED --add-opens=java.base/java.nio.charset=ALL-UNNAMED --add-opens=java.base/java.net=ALL-UNNAMED --add-opens=java.base/java.util.concurrent.atomic=ALL-UNNAMED --add-opens=java.xml/javax.xml.namespace=ALL-UNNAMED -Xmx2048m -Dfile.encoding=UTF-8 -Duser.country=US -Duser.language=en -Duser.variant -javaagent:C:\Users\LENOVO\.gradle\wrapper\dists\gradle-8.11.1-bin\bpt9gzteqjrbo1mjrsomdt32c\gradle-8.11.1\lib\agents\gradle-instrumentation-agent-8.11.1.jar org.gradle.launcher.daemon.bootstrap.GradleDaemon 8.11.1

Host: Intel(R) Core(TM) i5-6300U CPU @ 2.40GHz, 4 cores, 7G,  Windows 10 , 64 bit Build 19041 (10.0.19041.5678)
Time: Mon Apr  7 06:51:03 2025 SE Asia Standard Time elapsed time: 74.684936 seconds (0d 0h 1m 14s)

---------------  T H R E A D  ---------------

Current thread (0x000001c8fd2bf030):  JavaThread "C2 CompilerThread0" daemon [_thread_in_native, id=11076, stack(0x0000002fbde00000,0x0000002fbdf00000) (1024K)]


Current CompileTask:
C2:74685 11529       4       java.lang.reflect.Method::invoke (108 bytes)

Stack: [0x0000002fbde00000,0x0000002fbdf00000]
Native frames: (J=compiled Java code, j=interpreted, Vv=VM code, C=native code)
V  [jvm.dll+0x6cfb29]
V  [jvm.dll+0x85df93]
V  [jvm.dll+0x8604ee]
V  [jvm.dll+0x860bd3]
V  [jvm.dll+0x27e6b6]
V  [jvm.dll+0xbff6d]
V  [jvm.dll+0xc04a3]
V  [jvm.dll+0x659ead]
V  [jvm.dll+0x660327]
V  [jvm.dll+0x6612a2]
V  [jvm.dll+0x65f68e]
V  [jvm.dll+0x247adf]
V  [jvm.dll+0x247231]
V  [jvm.dll+0x1c5ee4]
V  [jvm.dll+0x25697c]
V  [jvm.dll+0x254ec6]
V  [jvm.dll+0x3f0ce6]
V  [jvm.dll+0x806368]
V  [jvm.dll+0x6ce3fd]
C  [ucrtbase.dll+0x21bb2]
C  [KERNEL32.DLL+0x17374]
C  [ntdll.dll+0x4cc91]


---------------  P R O C E S S  ---------------

Threads class SMR info:
_java_thread_list=0x000001c89520b600, length=45, elements={
0x000001c8f321fd30, 0x000001c8fd03d9b0, 0x000001c8fd2afec0, 0x000001c8fd2bc3c0,
0x000001c8fd2bce10, 0x000001c8fd2bd860, 0x000001c8fd2be2b0, 0x000001c8fd2bf030,
0x000001c8fd330190, 0x000001c8fd412420, 0x000001c8fd66e6e0, 0x000001c8fe0c8c40,
0x000001c8fd4bd4e0, 0x000001c8fef44830, 0x000001c8fee035a0, 0x000001c8fe115b50,
0x000001c8fe2c1d40, 0x000001c8fe2c23a0, 0x000001c8fe589a70, 0x000001c8fee9c760,
0x000001c8fee9b3b0, 0x000001c8fee99970, 0x000001c8fee9ba40, 0x000001c8fee9a000,
0x000001c8fee9c0d0, 0x000001c8fee9a690, 0x000001c8fee9ad20, 0x000001c8ff22e2c0,
0x000001c8ff22dc30, 0x000001c8ff22fd00, 0x000001c8ff22e950, 0x000001c8ff22efe0,
0x000001c8ff22cf10, 0x000001c8ff22bb60, 0x000001c8ff22c880, 0x000001c8ff22f670,
0x000001c8ff230390, 0x000001c8ff229400, 0x000001c8ff230a20, 0x000001c8ff229a90,
0x000001c8ff22a7b0, 0x000001c8ff22ae40, 0x000001c894b6dc70, 0x000001c894b68db0,
0x000001c894b6cf50
}

Java Threads: ( => current thread )
  0x000001c8f321fd30 JavaThread "main"                              [_thread_blocked, id=4064, stack(0x0000002fbd000000,0x0000002fbd100000) (1024K)]
  0x000001c8fd03d9b0 JavaThread "Reference Handler"          daemon [_thread_blocked, id=13296, stack(0x0000002fbd800000,0x0000002fbd900000) (1024K)]
  0x000001c8fd2afec0 JavaThread "Finalizer"                  daemon [_thread_blocked, id=4860, stack(0x0000002fbd900000,0x0000002fbda00000) (1024K)]
  0x000001c8fd2bc3c0 JavaThread "Signal Dispatcher"          daemon [_thread_blocked, id=10324, stack(0x0000002fbda00000,0x0000002fbdb00000) (1024K)]
  0x000001c8fd2bce10 JavaThread "Attach Listener"            daemon [_thread_blocked, id=3244, stack(0x0000002fbdb00000,0x0000002fbdc00000) (1024K)]
  0x000001c8fd2bd860 JavaThread "Service Thread"             daemon [_thread_blocked, id=7232, stack(0x0000002fbdc00000,0x0000002fbdd00000) (1024K)]
  0x000001c8fd2be2b0 JavaThread "Monitor Deflation Thread"   daemon [_thread_blocked, id=14736, stack(0x0000002fbdd00000,0x0000002fbde00000) (1024K)]
=>0x000001c8fd2bf030 JavaThread "C2 CompilerThread0"         daemon [_thread_in_native, id=11076, stack(0x0000002fbde00000,0x0000002fbdf00000) (1024K)]
  0x000001c8fd330190 JavaThread "C1 CompilerThread0"         daemon [_thread_blocked, id=3164, stack(0x0000002fbdf00000,0x0000002fbe000000) (1024K)]
  0x000001c8fd412420 JavaThread "Common-Cleaner"             daemon [_thread_blocked, id=13672, stack(0x0000002fbe000000,0x0000002fbe100000) (1024K)]
  0x000001c8fd66e6e0 JavaThread "Notification Thread"        daemon [_thread_blocked, id=13092, stack(0x0000002fbe100000,0x0000002fbe200000) (1024K)]
  0x000001c8fe0c8c40 JavaThread "Daemon health stats"               [_thread_blocked, id=6308, stack(0x0000002fbe500000,0x0000002fbe600000) (1024K)]
  0x000001c8fd4bd4e0 JavaThread "Incoming local TCP Connector on port 63939"        [_thread_in_native, id=8576, stack(0x0000002fbe600000,0x0000002fbe700000) (1024K)]
  0x000001c8fef44830 JavaThread "Daemon periodic checks"            [_thread_blocked, id=8, stack(0x0000002fbe800000,0x0000002fbe900000) (1024K)]
  0x000001c8fee035a0 JavaThread "Daemon"                            [_thread_blocked, id=7208, stack(0x0000002fbe900000,0x0000002fbea00000) (1024K)]
  0x000001c8fe115b50 JavaThread "Handler for socket connection from /127.0.0.1:63939 to /127.0.0.1:63940"        [_thread_in_native, id=11420, stack(0x0000002fbea00000,0x0000002fbeb00000) (1024K)]
  0x000001c8fe2c1d40 JavaThread "Cancel handler"                    [_thread_blocked, id=7548, stack(0x0000002fbeb00000,0x0000002fbec00000) (1024K)]
  0x000001c8fe2c23a0 JavaThread "Daemon worker"                     [_thread_in_native, id=1964, stack(0x0000002fbec00000,0x0000002fbed00000) (1024K)]
  0x000001c8fe589a70 JavaThread "Asynchronous log dispatcher for DefaultDaemonConnection: socket connection from /127.0.0.1:63939 to /127.0.0.1:63940"        [_thread_blocked, id=16940, stack(0x0000002fbed00000,0x0000002fbee00000) (1024K)]
  0x000001c8fee9c760 JavaThread "Stdin handler"                     [_thread_blocked, id=3300, stack(0x0000002fbee00000,0x0000002fbef00000) (1024K)]
  0x000001c8fee9b3b0 JavaThread "Daemon client event forwarder"        [_thread_blocked, id=7296, stack(0x0000002fbef00000,0x0000002fbf000000) (1024K)]
  0x000001c8fee99970 JavaThread "Cache worker for journal cache (C:\Users\LENOVO\.gradle\caches\journal-1)"        [_thread_blocked, id=7048, stack(0x0000002fbe700000,0x0000002fbe800000) (1024K)]
  0x000001c8fee9ba40 JavaThread "File lock request listener"        [_thread_in_native, id=12756, stack(0x0000002fbf000000,0x0000002fbf100000) (1024K)]
  0x000001c8fee9a000 JavaThread "Cache worker for file hash cache (C:\Users\LENOVO\.gradle\caches\8.11.1\fileHashes)"        [_thread_blocked, id=7500, stack(0x0000002fbf100000,0x0000002fbf200000) (1024K)]
  0x000001c8fee9c0d0 JavaThread "Cache worker for file content cache (C:\Users\LENOVO\.gradle\caches\8.11.1\fileContent)"        [_thread_blocked, id=12068, stack(0x0000002fbf200000,0x0000002fbf300000) (1024K)]
  0x000001c8fee9a690 JavaThread "File lock release action executor Thread 2"        [_thread_blocked, id=6380, stack(0x0000002fbf400000,0x0000002fbf500000) (1024K)]
  0x000001c8fee9ad20 JavaThread "Cache worker for file hash cache (D:\Twitter2\.gradle\8.11.1\fileHashes)"        [_thread_blocked, id=15432, stack(0x0000002fbf500000,0x0000002fbf600000) (1024K)]
  0x000001c8ff22e2c0 JavaThread "Cache worker for Build Output Cleanup Cache (D:\Twitter2\.gradle\buildOutputCleanup)"        [_thread_blocked, id=13688, stack(0x0000002fbf600000,0x0000002fbf700000) (1024K)]
  0x000001c8ff22dc30 JavaThread "File watcher server"        daemon [_thread_in_native, id=12660, stack(0x0000002fbf700000,0x0000002fbf800000) (1024K)]
  0x000001c8ff22fd00 JavaThread "File watcher consumer"      daemon [_thread_blocked, id=12872, stack(0x0000002fbf800000,0x0000002fbf900000) (1024K)]
  0x000001c8ff22e950 JavaThread "Cache worker for checksums cache (D:\Twitter2\.gradle\8.11.1\checksums)"        [_thread_blocked, id=6560, stack(0x0000002fbf900000,0x0000002fbfa00000) (1024K)]
  0x000001c8ff22efe0 JavaThread "Cache worker for cache directory md-rule (C:\Users\LENOVO\.gradle\caches\8.11.1\md-rule)"        [_thread_blocked, id=4748, stack(0x0000002fbfa00000,0x0000002fbfb00000) (1024K)]
  0x000001c8ff22cf10 JavaThread "Cache worker for cache directory md-supplier (C:\Users\LENOVO\.gradle\caches\8.11.1\md-supplier)"        [_thread_blocked, id=15820, stack(0x0000002fbfb00000,0x0000002fbfc00000) (1024K)]
  0x000001c8ff22bb60 JavaThread "Unconstrained build operations"        [_thread_blocked, id=3384, stack(0x0000002fbfc00000,0x0000002fbfd00000) (1024K)]
  0x000001c8ff22c880 JavaThread "Unconstrained build operations Thread 2"        [_thread_blocked, id=3684, stack(0x0000002fbfd00000,0x0000002fbfe00000) (1024K)]
  0x000001c8ff22f670 JavaThread "Unconstrained build operations Thread 3"        [_thread_blocked, id=11360, stack(0x0000002fbfe00000,0x0000002fbff00000) (1024K)]
  0x000001c8ff230390 JavaThread "Unconstrained build operations Thread 4"        [_thread_blocked, id=5960, stack(0x0000002fbff00000,0x0000002fc0000000) (1024K)]
  0x000001c8ff229400 JavaThread "Unconstrained build operations Thread 5"        [_thread_blocked, id=11804, stack(0x0000002fc0000000,0x0000002fc0100000) (1024K)]
  0x000001c8ff230a20 JavaThread "Unconstrained build operations Thread 6"        [_thread_blocked, id=14748, stack(0x0000002fc0100000,0x0000002fc0200000) (1024K)]
  0x000001c8ff229a90 JavaThread "Unconstrained build operations Thread 7"        [_thread_blocked, id=9300, stack(0x0000002fc0200000,0x0000002fc0300000) (1024K)]
  0x000001c8ff22a7b0 JavaThread "Unconstrained build operations Thread 8"        [_thread_blocked, id=16828, stack(0x0000002fc0300000,0x0000002fc0400000) (1024K)]
  0x000001c8ff22ae40 JavaThread "Unconstrained build operations Thread 9"        [_thread_blocked, id=10760, stack(0x0000002fc0400000,0x0000002fc0500000) (1024K)]
  0x000001c894b6dc70 JavaThread "build event listener"              [_thread_blocked, id=3304, stack(0x0000002fc0500000,0x0000002fc0600000) (1024K)]
  0x000001c894b68db0 JavaThread "Memory manager"                    [_thread_blocked, id=4872, stack(0x0000002fc0600000,0x0000002fc0700000) (1024K)]
  0x000001c894b6cf50 JavaThread "build event listener"              [_thread_blocked, id=6224, stack(0x0000002fc0800000,0x0000002fc0900000) (1024K)]
Total: 45

Other Threads:
  0x000001c8fd024890 VMThread "VM Thread"                           [id=5584, stack(0x0000002fbd700000,0x0000002fbd800000) (1024K)]
  0x000001c8fcf8dcf0 WatcherThread "VM Periodic Task Thread"        [id=3096, stack(0x0000002fbd600000,0x0000002fbd700000) (1024K)]
  0x000001c8f3276520 WorkerThread "GC Thread#0"                     [id=9888, stack(0x0000002fbd100000,0x0000002fbd200000) (1024K)]
  0x000001c8fd844900 WorkerThread "GC Thread#1"                     [id=10120, stack(0x0000002fbe200000,0x0000002fbe300000) (1024K)]
  0x000001c8fd6d4fa0 WorkerThread "GC Thread#2"                     [id=11340, stack(0x0000002fbe300000,0x0000002fbe400000) (1024K)]
  0x000001c8fe328ba0 WorkerThread "GC Thread#3"                     [id=13740, stack(0x0000002fbe400000,0x0000002fbe500000) (1024K)]
  0x000001c8f3287410 ConcurrentGCThread "G1 Main Marker"            [id=9764, stack(0x0000002fbd200000,0x0000002fbd300000) (1024K)]
  0x000001c8f3287e20 WorkerThread "G1 Conc#0"                       [id=10560, stack(0x0000002fbd300000,0x0000002fbd400000) (1024K)]
  0x000001c8fce644d0 ConcurrentGCThread "G1 Refine#0"               [id=14464, stack(0x0000002fbd400000,0x0000002fbd500000) (1024K)]
  0x000001c8fce64e50 ConcurrentGCThread "G1 Service"                [id=6968, stack(0x0000002fbd500000,0x0000002fbd600000) (1024K)]
Total: 10

Threads with active compile tasks:
C2 CompilerThread0  74735 11529       4       java.lang.reflect.Method::invoke (108 bytes)
Total: 1

VM state: not at safepoint (normal execution)

VM Mutex/Monitor currently owned by a thread: None

Heap address: 0x0000000080000000, size: 2048 MB, Compressed Oops mode: 32-bit

CDS archive(s) not mapped
Compressed class space mapped at: 0x0000000100000000-0x0000000140000000, reserved size: 1073741824
Narrow klass base: 0x0000000000000000, Narrow klass shift: 3, Narrow klass range: 0x140000000

GC Precious Log:
 CardTable entry size: 512
 Card Set container configuration: InlinePtr #cards 5 size 8 Array Of Cards #cards 12 size 40 Howl #buckets 4 coarsen threshold 1843 Howl Bitmap #cards 512 size 80 coarsen threshold 460 Card regions per heap region 1 cards per card region 2048
 CPUs: 4 total, 4 available
 Memory: 8026M
 Large Page Support: Disabled
 NUMA Support: Disabled
 Compressed Oops: Enabled (32-bit)
 Heap Region Size: 1M
 Heap Min Capacity: 8M
 Heap Initial Capacity: 126M
 Heap Max Capacity: 2G
 Pre-touch: Disabled
 Parallel Workers: 4
 Concurrent Workers: 1
 Concurrent Refinement Workers: 4
 Periodic GC: Disabled

Heap:
 garbage-first heap   total 157696K, used 100735K [0x0000000080000000, 0x0000000100000000)
  region size 1024K, 12 young (12288K), 5 survivors (5120K)
 Metaspace       used 104399K, committed 106496K, reserved 1179648K
  class space    used 14365K, committed 15424K, reserved 1048576K

Heap Regions: E=young(eden), S=young(survivor), O=old, HS=humongous(starts), HC=humongous(continues), CS=collection set, F=free, TAMS=top-at-mark-start, PB=parsable bottom
|   0|0x0000000080000000, 0x0000000080100000, 0x0000000080100000|100%|HS|  |TAMS 0x0000000080000000| PB 0x0000000080000000| Complete 
|   1|0x0000000080100000, 0x0000000080200000, 0x0000000080200000|100%|HC|  |TAMS 0x0000000080100000| PB 0x0000000080100000| Complete 
|   2|0x0000000080200000, 0x0000000080300000, 0x0000000080300000|100%|HC|  |TAMS 0x0000000080200000| PB 0x0000000080200000| Complete 
|   3|0x0000000080300000, 0x0000000080400000, 0x0000000080400000|100%| O|  |TAMS 0x0000000080300000| PB 0x0000000080300000| Untracked 
|   4|0x0000000080400000, 0x0000000080500000, 0x0000000080500000|100%| O|  |TAMS 0x0000000080400000| PB 0x0000000080400000| Untracked 
|   5|0x0000000080500000, 0x0000000080600000, 0x0000000080600000|100%| O|  |TAMS 0x0000000080500000| PB 0x0000000080500000| Untracked 
|   6|0x0000000080600000, 0x0000000080700000, 0x0000000080700000|100%| O|  |TAMS 0x0000000080600000| PB 0x0000000080600000| Untracked 
|   7|0x0000000080700000, 0x0000000080800000, 0x0000000080800000|100%|HS|  |TAMS 0x0000000080700000| PB 0x0000000080700000| Complete 
|   8|0x0000000080800000, 0x0000000080900000, 0x0000000080900000|100%| O|  |TAMS 0x0000000080800000| PB 0x0000000080800000| Untracked 
|   9|0x0000000080900000, 0x0000000080a00000, 0x0000000080a00000|100%| O|  |TAMS 0x0000000080900000| PB 0x0000000080900000| Untracked 
|  10|0x0000000080a00000, 0x0000000080b00000, 0x0000000080b00000|100%| O|  |TAMS 0x0000000080a00000| PB 0x0000000080a00000| Untracked 
|  11|0x0000000080b00000, 0x0000000080c00000, 0x0000000080c00000|100%| O|  |TAMS 0x0000000080b00000| PB 0x0000000080b00000| Untracked 
|  12|0x0000000080c00000, 0x0000000080d00000, 0x0000000080d00000|100%| O|  |TAMS 0x0000000080c00000| PB 0x0000000080c00000| Untracked 
|  13|0x0000000080d00000, 0x0000000080e00000, 0x0000000080e00000|100%| O|  |TAMS 0x0000000080d00000| PB 0x0000000080d00000| Untracked 
|  14|0x0000000080e00000, 0x0000000080f00000, 0x0000000080f00000|100%| O|  |TAMS 0x0000000080e00000| PB 0x0000000080e00000| Untracked 
|  15|0x0000000080f00000, 0x0000000081000000, 0x0000000081000000|100%| O|  |TAMS 0x0000000080f00000| PB 0x0000000080f00000| Untracked 
|  16|0x0000000081000000, 0x0000000081100000, 0x0000000081100000|100%| O|  |TAMS 0x0000000081000000| PB 0x0000000081000000| Untracked 
|  17|0x0000000081100000, 0x0000000081200000, 0x0000000081200000|100%| O|  |TAMS 0x0000000081100000| PB 0x0000000081100000| Untracked 
|  18|0x0000000081200000, 0x0000000081300000, 0x0000000081300000|100%| O|  |TAMS 0x0000000081200000| PB 0x0000000081200000| Untracked 
|  19|0x0000000081300000, 0x0000000081400000, 0x0000000081400000|100%| O|  |TAMS 0x0000000081300000| PB 0x0000000081300000| Untracked 
|  20|0x0000000081400000, 0x0000000081500000, 0x0000000081500000|100%| O|  |TAMS 0x0000000081400000| PB 0x0000000081400000| Untracked 
|  21|0x0000000081500000, 0x0000000081600000, 0x0000000081600000|100%| O|  |TAMS 0x0000000081500000| PB 0x0000000081500000| Untracked 
|  22|0x0000000081600000, 0x0000000081700000, 0x0000000081700000|100%| O|  |TAMS 0x0000000081600000| PB 0x0000000081600000| Untracked 
|  23|0x0000000081700000, 0x0000000081800000, 0x0000000081800000|100%| O|  |TAMS 0x0000000081700000| PB 0x0000000081700000| Untracked 
|  24|0x0000000081800000, 0x0000000081900000, 0x0000000081900000|100%| O|  |TAMS 0x0000000081800000| PB 0x0000000081800000| Untracked 
|  25|0x0000000081900000, 0x0000000081a00000, 0x0000000081a00000|100%| O|  |TAMS 0x0000000081900000| PB 0x0000000081900000| Untracked 
|  26|0x0000000081a00000, 0x0000000081b00000, 0x0000000081b00000|100%| O|  |TAMS 0x0000000081a00000| PB 0x0000000081a00000| Untracked 
|  27|0x0000000081b00000, 0x0000000081c00000, 0x0000000081c00000|100%| O|  |TAMS 0x0000000081b00000| PB 0x0000000081b00000| Untracked 
|  28|0x0000000081c00000, 0x0000000081d00000, 0x0000000081d00000|100%| O|  |TAMS 0x0000000081c00000| PB 0x0000000081c00000| Untracked 
|  29|0x0000000081d00000, 0x0000000081e00000, 0x0000000081e00000|100%| O|  |TAMS 0x0000000081d00000| PB 0x0000000081d00000| Untracked 
|  30|0x0000000081e00000, 0x0000000081f00000, 0x0000000081f00000|100%| O|  |TAMS 0x0000000081e00000| PB 0x0000000081e00000| Untracked 
|  31|0x0000000081f00000, 0x0000000082000000, 0x0000000082000000|100%| O|  |TAMS 0x0000000081f00000| PB 0x0000000081f00000| Untracked 
|  32|0x0000000082000000, 0x0000000082100000, 0x0000000082100000|100%| O|  |TAMS 0x0000000082000000| PB 0x0000000082000000| Untracked 
|  33|0x0000000082100000, 0x0000000082200000, 0x0000000082200000|100%| O|  |TAMS 0x0000000082100000| PB 0x0000000082100000| Untracked 
|  34|0x0000000082200000, 0x0000000082300000, 0x0000000082300000|100%| O|  |TAMS 0x0000000082200000| PB 0x0000000082200000| Untracked 
|  35|0x0000000082300000, 0x0000000082400000, 0x0000000082400000|100%| O|  |TAMS 0x0000000082300000| PB 0x0000000082300000| Untracked 
|  36|0x0000000082400000, 0x0000000082500000, 0x0000000082500000|100%| O|Cm|TAMS 0x0000000082400000| PB 0x0000000082400000| Complete 
|  37|0x0000000082500000, 0x0000000082600000, 0x0000000082600000|100%| O|Cm|TAMS 0x0000000082500000| PB 0x0000000082500000| Complete 
|  38|0x0000000082600000, 0x0000000082700000, 0x0000000082700000|100%| O|  |TAMS 0x0000000082600000| PB 0x0000000082600000| Untracked 
|  39|0x0000000082700000, 0x0000000082800000, 0x0000000082800000|100%|HS|  |TAMS 0x0000000082700000| PB 0x0000000082700000| Complete 
|  40|0x0000000082800000, 0x0000000082900000, 0x0000000082900000|100%|HS|  |TAMS 0x0000000082800000| PB 0x0000000082800000| Complete 
|  41|0x0000000082900000, 0x0000000082a00000, 0x0000000082a00000|100%|HS|  |TAMS 0x0000000082900000| PB 0x0000000082900000| Complete 
|  42|0x0000000082a00000, 0x0000000082b00000, 0x0000000082b00000|100%|HC|  |TAMS 0x0000000082a00000| PB 0x0000000082a00000| Complete 
|  43|0x0000000082b00000, 0x0000000082c00000, 0x0000000082c00000|100%| O|  |TAMS 0x0000000082b00000| PB 0x0000000082b00000| Untracked 
|  44|0x0000000082c00000, 0x0000000082d00000, 0x0000000082d00000|100%| O|  |TAMS 0x0000000082c00000| PB 0x0000000082c00000| Untracked 
|  45|0x0000000082d00000, 0x0000000082e00000, 0x0000000082e00000|100%| O|  |TAMS 0x0000000082d00000| PB 0x0000000082d00000| Untracked 
|  46|0x0000000082e00000, 0x0000000082f00000, 0x0000000082f00000|100%| O|  |TAMS 0x0000000082e00000| PB 0x0000000082e00000| Untracked 
|  47|0x0000000082f00000, 0x0000000083000000, 0x0000000083000000|100%| O|  |TAMS 0x0000000082f00000| PB 0x0000000082f00000| Untracked 
|  48|0x0000000083000000, 0x0000000083100000, 0x0000000083100000|100%|HS|  |TAMS 0x0000000083000000| PB 0x0000000083000000| Complete 
|  49|0x0000000083100000, 0x0000000083200000, 0x0000000083200000|100%|HC|  |TAMS 0x0000000083100000| PB 0x0000000083100000| Complete 
|  50|0x0000000083200000, 0x0000000083300000, 0x0000000083300000|100%|HS|  |TAMS 0x0000000083200000| PB 0x0000000083200000| Complete 
|  51|0x0000000083300000, 0x0000000083400000, 0x0000000083400000|100%|HS|  |TAMS 0x0000000083300000| PB 0x0000000083300000| Complete 
|  52|0x0000000083400000, 0x0000000083500000, 0x0000000083500000|100%| O|  |TAMS 0x0000000083400000| PB 0x0000000083400000| Untracked 
|  53|0x0000000083500000, 0x0000000083600000, 0x0000000083600000|100%| O|  |TAMS 0x0000000083500000| PB 0x0000000083500000| Untracked 
|  54|0x0000000083600000, 0x0000000083700000, 0x0000000083700000|100%| O|  |TAMS 0x0000000083600000| PB 0x0000000083600000| Untracked 
|  55|0x0000000083700000, 0x0000000083800000, 0x0000000083800000|100%|HS|  |TAMS 0x0000000083700000| PB 0x0000000083700000| Complete 
|  56|0x0000000083800000, 0x0000000083900000, 0x0000000083900000|100%| O|  |TAMS 0x0000000083800000| PB 0x0000000083800000| Untracked 
|  57|0x0000000083900000, 0x0000000083a00000, 0x0000000083a00000|100%| O|  |TAMS 0x0000000083900000| PB 0x0000000083900000| Untracked 
|  58|0x0000000083a00000, 0x0000000083b00000, 0x0000000083b00000|100%|HS|  |TAMS 0x0000000083a00000| PB 0x0000000083a00000| Complete 
|  59|0x0000000083b00000, 0x0000000083c00000, 0x0000000083c00000|100%|HC|  |TAMS 0x0000000083b00000| PB 0x0000000083b00000| Complete 
|  60|0x0000000083c00000, 0x0000000083d00000, 0x0000000083d00000|100%|HC|  |TAMS 0x0000000083c00000| PB 0x0000000083c00000| Complete 
|  61|0x0000000083d00000, 0x0000000083e00000, 0x0000000083e00000|100%|HS|  |TAMS 0x0000000083d00000| PB 0x0000000083d00000| Complete 
|  62|0x0000000083e00000, 0x0000000083f00000, 0x0000000083f00000|100%| O|  |TAMS 0x0000000083e00000| PB 0x0000000083e00000| Untracked 
|  63|0x0000000083f00000, 0x0000000084000000, 0x0000000084000000|100%| O|  |TAMS 0x0000000083f00000| PB 0x0000000083f00000| Untracked 
|  64|0x0000000084000000, 0x0000000084100000, 0x0000000084100000|100%| O|  |TAMS 0x0000000084000000| PB 0x0000000084000000| Untracked 
|  65|0x0000000084100000, 0x0000000084200000, 0x0000000084200000|100%| O|  |TAMS 0x0000000084100000| PB 0x0000000084100000| Untracked 
|  66|0x0000000084200000, 0x0000000084300000, 0x0000000084300000|100%| O|  |TAMS 0x0000000084200000| PB 0x0000000084200000| Untracked 
|  67|0x0000000084300000, 0x0000000084400000, 0x0000000084400000|100%|HS|  |TAMS 0x0000000084300000| PB 0x0000000084300000| Complete 
|  68|0x0000000084400000, 0x0000000084500000, 0x0000000084500000|100%| O|  |TAMS 0x0000000084400000| PB 0x0000000084400000| Untracked 
|  69|0x0000000084500000, 0x0000000084600000, 0x0000000084600000|100%| O|  |TAMS 0x0000000084500000| PB 0x0000000084500000| Untracked 
|  70|0x0000000084600000, 0x0000000084700000, 0x0000000084700000|100%| O|  |TAMS 0x0000000084600000| PB 0x0000000084600000| Untracked 
|  71|0x0000000084700000, 0x0000000084800000, 0x0000000084800000|100%| O|  |TAMS 0x0000000084700000| PB 0x0000000084700000| Untracked 
|  72|0x0000000084800000, 0x0000000084900000, 0x0000000084900000|100%| O|  |TAMS 0x0000000084800000| PB 0x0000000084800000| Untracked 
|  73|0x0000000084900000, 0x0000000084a00000, 0x0000000084a00000|100%| O|  |TAMS 0x0000000084900000| PB 0x0000000084900000| Untracked 
|  74|0x0000000084a00000, 0x0000000084b00000, 0x0000000084b00000|100%| O|  |TAMS 0x0000000084a00000| PB 0x0000000084a00000| Untracked 
|  75|0x0000000084b00000, 0x0000000084c00000, 0x0000000084c00000|100%|HS|  |TAMS 0x0000000084b00000| PB 0x0000000084b00000| Complete 
|  76|0x0000000084c00000, 0x0000000084d00000, 0x0000000084d00000|100%|HC|  |TAMS 0x0000000084c00000| PB 0x0000000084c00000| Complete 
|  77|0x0000000084d00000, 0x0000000084e00000, 0x0000000084e00000|100%|HC|  |TAMS 0x0000000084d00000| PB 0x0000000084d00000| Complete 
|  78|0x0000000084e00000, 0x0000000084f00000, 0x0000000084f00000|100%| O|  |TAMS 0x0000000084e00000| PB 0x0000000084e00000| Untracked 
|  79|0x0000000084f00000, 0x0000000085000000, 0x0000000085000000|100%| O|  |TAMS 0x0000000084f00000| PB 0x0000000084f00000| Untracked 
|  80|0x0000000085000000, 0x000000008505ff40, 0x0000000085100000| 37%| O|  |TAMS 0x0000000085000000| PB 0x0000000085000000| Untracked 
|  81|0x0000000085100000, 0x0000000085100000, 0x0000000085200000|  0%| F|  |TAMS 0x0000000085100000| PB 0x0000000085100000| Untracked 
|  82|0x0000000085200000, 0x0000000085200000, 0x0000000085300000|  0%| F|  |TAMS 0x0000000085200000| PB 0x0000000085200000| Untracked 
|  83|0x0000000085300000, 0x0000000085300000, 0x0000000085400000|  0%| F|  |TAMS 0x0000000085300000| PB 0x0000000085300000| Untracked 
|  84|0x0000000085400000, 0x0000000085500000, 0x0000000085500000|100%| O|  |TAMS 0x0000000085400000| PB 0x0000000085400000| Untracked 
|  85|0x0000000085500000, 0x0000000085600000, 0x0000000085600000|100%| O|  |TAMS 0x0000000085500000| PB 0x0000000085500000| Untracked 
|  86|0x0000000085600000, 0x0000000085700000, 0x0000000085700000|100%| O|  |TAMS 0x0000000085600000| PB 0x0000000085600000| Untracked 
|  87|0x0000000085700000, 0x0000000085800000, 0x0000000085800000|100%| O|  |TAMS 0x0000000085700000| PB 0x0000000085700000| Untracked 
|  88|0x0000000085800000, 0x0000000085900000, 0x0000000085900000|100%| O|  |TAMS 0x0000000085800000| PB 0x0000000085800000| Untracked 
|  89|0x0000000085900000, 0x0000000085a00000, 0x0000000085a00000|100%| O|  |TAMS 0x0000000085900000| PB 0x0000000085900000| Untracked 
|  90|0x0000000085a00000, 0x0000000085a00000, 0x0000000085b00000|  0%| F|  |TAMS 0x0000000085a00000| PB 0x0000000085a00000| Untracked 
|  91|0x0000000085b00000, 0x0000000085b00000, 0x0000000085c00000|  0%| F|  |TAMS 0x0000000085b00000| PB 0x0000000085b00000| Untracked 
|  92|0x0000000085c00000, 0x0000000085c00000, 0x0000000085d00000|  0%| F|  |TAMS 0x0000000085c00000| PB 0x0000000085c00000| Untracked 
|  93|0x0000000085d00000, 0x0000000085d00000, 0x0000000085e00000|  0%| F|  |TAMS 0x0000000085d00000| PB 0x0000000085d00000| Untracked 
|  94|0x0000000085e00000, 0x0000000085e00000, 0x0000000085f00000|  0%| F|  |TAMS 0x0000000085e00000| PB 0x0000000085e00000| Untracked 
|  95|0x0000000085f00000, 0x0000000085f00000, 0x0000000086000000|  0%| F|  |TAMS 0x0000000085f00000| PB 0x0000000085f00000| Untracked 
|  96|0x0000000086000000, 0x0000000086000000, 0x0000000086100000|  0%| F|  |TAMS 0x0000000086000000| PB 0x0000000086000000| Untracked 
|  97|0x0000000086100000, 0x0000000086100000, 0x0000000086200000|  0%| F|  |TAMS 0x0000000086100000| PB 0x0000000086100000| Untracked 
|  98|0x0000000086200000, 0x0000000086200000, 0x0000000086300000|  0%| F|  |TAMS 0x0000000086200000| PB 0x0000000086200000| Untracked 
|  99|0x0000000086300000, 0x0000000086300000, 0x0000000086400000|  0%| F|  |TAMS 0x0000000086300000| PB 0x0000000086300000| Untracked 
| 100|0x0000000086400000, 0x0000000086400000, 0x0000000086500000|  0%| F|  |TAMS 0x0000000086400000| PB 0x0000000086400000| Untracked 
| 101|0x0000000086500000, 0x0000000086500000, 0x0000000086600000|  0%| F|  |TAMS 0x0000000086500000| PB 0x0000000086500000| Untracked 
| 102|0x0000000086600000, 0x0000000086600000, 0x0000000086700000|  0%| F|  |TAMS 0x0000000086600000| PB 0x0000000086600000| Untracked 
| 103|0x0000000086700000, 0x0000000086700000, 0x0000000086800000|  0%| F|  |TAMS 0x0000000086700000| PB 0x0000000086700000| Untracked 
| 104|0x0000000086800000, 0x0000000086800000, 0x0000000086900000|  0%| F|  |TAMS 0x0000000086800000| PB 0x0000000086800000| Untracked 
| 105|0x0000000086900000, 0x0000000086900000, 0x0000000086a00000|  0%| F|  |TAMS 0x0000000086900000| PB 0x0000000086900000| Untracked 
| 106|0x0000000086a00000, 0x0000000086a00000, 0x0000000086b00000|  0%| F|  |TAMS 0x0000000086a00000| PB 0x0000000086a00000| Untracked 
| 107|0x0000000086b00000, 0x0000000086b00000, 0x0000000086c00000|  0%| F|  |TAMS 0x0000000086b00000| PB 0x0000000086b00000| Untracked 
| 108|0x0000000086c00000, 0x0000000086c00000, 0x0000000086d00000|  0%| F|  |TAMS 0x0000000086c00000| PB 0x0000000086c00000| Untracked 
| 109|0x0000000086d00000, 0x0000000086e00000, 0x0000000086e00000|100%| S|CS|TAMS 0x0000000086d00000| PB 0x0000000086d00000| Complete 
| 110|0x0000000086e00000, 0x0000000086f00000, 0x0000000086f00000|100%| S|CS|TAMS 0x0000000086e00000| PB 0x0000000086e00000| Complete 
| 111|0x0000000086f00000, 0x0000000087000000, 0x0000000087000000|100%| S|CS|TAMS 0x0000000086f00000| PB 0x0000000086f00000| Complete 
| 112|0x0000000087000000, 0x0000000087100000, 0x0000000087100000|100%| S|CS|TAMS 0x0000000087000000| PB 0x0000000087000000| Complete 
| 113|0x0000000087100000, 0x0000000087200000, 0x0000000087200000|100%| S|CS|TAMS 0x0000000087100000| PB 0x0000000087100000| Complete 
| 114|0x0000000087200000, 0x0000000087200000, 0x0000000087300000|  0%| F|  |TAMS 0x0000000087200000| PB 0x0000000087200000| Untracked 
| 115|0x0000000087300000, 0x0000000087300000, 0x0000000087400000|  0%| F|  |TAMS 0x0000000087300000| PB 0x0000000087300000| Untracked 
| 116|0x0000000087400000, 0x0000000087400000, 0x0000000087500000|  0%| F|  |TAMS 0x0000000087400000| PB 0x0000000087400000| Untracked 
| 117|0x0000000087500000, 0x0000000087500000, 0x0000000087600000|  0%| F|  |TAMS 0x0000000087500000| PB 0x0000000087500000| Untracked 
| 118|0x0000000087600000, 0x0000000087600000, 0x0000000087700000|  0%| F|  |TAMS 0x0000000087600000| PB 0x0000000087600000| Untracked 
| 119|0x0000000087700000, 0x0000000087700000, 0x0000000087800000|  0%| F|  |TAMS 0x0000000087700000| PB 0x0000000087700000| Untracked 
| 120|0x0000000087800000, 0x0000000087800000, 0x0000000087900000|  0%| F|  |TAMS 0x0000000087800000| PB 0x0000000087800000| Untracked 
| 121|0x0000000087900000, 0x0000000087900000, 0x0000000087a00000|  0%| F|  |TAMS 0x0000000087900000| PB 0x0000000087900000| Untracked 
| 122|0x0000000087a00000, 0x0000000087a00000, 0x0000000087b00000|  0%| F|  |TAMS 0x0000000087a00000| PB 0x0000000087a00000| Untracked 
| 123|0x0000000087b00000, 0x0000000087b00000, 0x0000000087c00000|  0%| F|  |TAMS 0x0000000087b00000| PB 0x0000000087b00000| Untracked 
| 124|0x0000000087c00000, 0x0000000087c00000, 0x0000000087d00000|  0%| F|  |TAMS 0x0000000087c00000| PB 0x0000000087c00000| Untracked 
| 125|0x0000000087d00000, 0x0000000087d00000, 0x0000000087e00000|  0%| F|  |TAMS 0x0000000087d00000| PB 0x0000000087d00000| Untracked 
| 126|0x0000000087e00000, 0x0000000087e00000, 0x0000000087f00000|  0%| F|  |TAMS 0x0000000087e00000| PB 0x0000000087e00000| Untracked 
| 127|0x0000000087f00000, 0x0000000087f00000, 0x0000000088000000|  0%| F|  |TAMS 0x0000000087f00000| PB 0x0000000087f00000| Untracked 
| 128|0x0000000088000000, 0x0000000088000000, 0x0000000088100000|  0%| F|  |TAMS 0x0000000088000000| PB 0x0000000088000000| Untracked 
| 129|0x0000000088100000, 0x0000000088100000, 0x0000000088200000|  0%| F|  |TAMS 0x0000000088100000| PB 0x0000000088100000| Untracked 
| 130|0x0000000088200000, 0x0000000088200000, 0x0000000088300000|  0%| F|  |TAMS 0x0000000088200000| PB 0x0000000088200000| Untracked 
| 131|0x0000000088300000, 0x0000000088300000, 0x0000000088400000|  0%| F|  |TAMS 0x0000000088300000| PB 0x0000000088300000| Untracked 
| 132|0x0000000088400000, 0x0000000088400000, 0x0000000088500000|  0%| F|  |TAMS 0x0000000088400000| PB 0x0000000088400000| Untracked 
| 133|0x0000000088500000, 0x0000000088500000, 0x0000000088600000|  0%| F|  |TAMS 0x0000000088500000| PB 0x0000000088500000| Untracked 
| 134|0x0000000088600000, 0x0000000088600000, 0x0000000088700000|  0%| F|  |TAMS 0x0000000088600000| PB 0x0000000088600000| Untracked 
| 135|0x0000000088700000, 0x0000000088700000, 0x0000000088800000|  0%| F|  |TAMS 0x0000000088700000| PB 0x0000000088700000| Untracked 
| 136|0x0000000088800000, 0x0000000088800000, 0x0000000088900000|  0%| F|  |TAMS 0x0000000088800000| PB 0x0000000088800000| Untracked 
| 137|0x0000000088900000, 0x0000000088900000, 0x0000000088a00000|  0%| F|  |TAMS 0x0000000088900000| PB 0x0000000088900000| Untracked 
| 138|0x0000000088a00000, 0x0000000088a00000, 0x0000000088b00000|  0%| F|  |TAMS 0x0000000088a00000| PB 0x0000000088a00000| Untracked 
| 139|0x0000000088b00000, 0x0000000088b00000, 0x0000000088c00000|  0%| F|  |TAMS 0x0000000088b00000| PB 0x0000000088b00000| Untracked 
| 140|0x0000000088c00000, 0x0000000088c00000, 0x0000000088d00000|  0%| F|  |TAMS 0x0000000088c00000| PB 0x0000000088c00000| Untracked 
| 141|0x0000000088d00000, 0x0000000088d00000, 0x0000000088e00000|  0%| F|  |TAMS 0x0000000088d00000| PB 0x0000000088d00000| Untracked 
| 142|0x0000000088e00000, 0x0000000088e00000, 0x0000000088f00000|  0%| F|  |TAMS 0x0000000088e00000| PB 0x0000000088e00000| Untracked 
| 143|0x0000000088f00000, 0x0000000088f00000, 0x0000000089000000|  0%| F|  |TAMS 0x0000000088f00000| PB 0x0000000088f00000| Untracked 
| 144|0x0000000089000000, 0x0000000089000000, 0x0000000089100000|  0%| F|  |TAMS 0x0000000089000000| PB 0x0000000089000000| Untracked 
| 145|0x0000000089100000, 0x0000000089100000, 0x0000000089200000|  0%| F|  |TAMS 0x0000000089100000| PB 0x0000000089100000| Untracked 
| 146|0x0000000089200000, 0x0000000089280000, 0x0000000089300000| 50%| E|  |TAMS 0x0000000089200000| PB 0x0000000089200000| Complete 
| 147|0x0000000089300000, 0x0000000089400000, 0x0000000089400000|100%| E|CS|TAMS 0x0000000089300000| PB 0x0000000089300000| Complete 
| 148|0x0000000089400000, 0x0000000089500000, 0x0000000089500000|100%| E|CS|TAMS 0x0000000089400000| PB 0x0000000089400000| Complete 
|2043|0x00000000ffb00000, 0x00000000ffc00000, 0x00000000ffc00000|100%| E|CS|TAMS 0x00000000ffb00000| PB 0x00000000ffb00000| Complete 
|2044|0x00000000ffc00000, 0x00000000ffd00000, 0x00000000ffd00000|100%| E|CS|TAMS 0x00000000ffc00000| PB 0x00000000ffc00000| Complete 
|2045|0x00000000ffd00000, 0x00000000ffe00000, 0x00000000ffe00000|100%| E|CS|TAMS 0x00000000ffd00000| PB 0x00000000ffd00000| Complete 
|2046|0x00000000ffe00000, 0x00000000fff00000, 0x00000000fff00000|100%| O|Cm|TAMS 0x00000000ffe00000| PB 0x00000000ffe00000| Complete 
|2047|0x00000000fff00000, 0x0000000100000000, 0x0000000100000000|100%| E|CS|TAMS 0x00000000fff00000| PB 0x00000000fff00000| Complete 

Card table byte_map: [0x000001c8f85b0000,0x000001c8f89b0000] _byte_map_base: 0x000001c8f81b0000

Marking Bits: (CMBitMap*) 0x000001c8f3276b30
 Bits: [0x000001c8f89b0000, 0x000001c8fa9b0000)

Polling page: 0x000001c8f30d0000

Metaspace:

Usage:
  Non-class:     87.92 MB used.
      Class:     14.03 MB used.
       Both:    101.95 MB used.

Virtual space:
  Non-class space:      128.00 MB reserved,      88.94 MB ( 69%) committed,  2 nodes.
      Class space:        1.00 GB reserved,      15.06 MB (  1%) committed,  1 nodes.
             Both:        1.12 GB reserved,     104.00 MB (  9%) committed. 

Chunk freelists:
   Non-Class:  6.73 MB
       Class:  966.00 KB
        Both:  7.67 MB

MaxMetaspaceSize: unlimited
CompressedClassSpaceSize: 1.00 GB
Initial GC threshold: 21.00 MB
Current GC threshold: 168.12 MB
CDS: off
 - commit_granule_bytes: 65536.
 - commit_granule_words: 8192.
 - virtual_space_node_default_size: 8388608.
 - enlarge_chunks_in_place: 1.
 - use_allocation_guard: 0.


Internal statistics:

num_allocs_failed_limit: 9.
num_arena_births: 4068.
num_arena_deaths: 0.
num_vsnodes_births: 3.
num_vsnodes_deaths: 0.
num_space_committed: 1664.
num_space_uncommitted: 0.
num_chunks_returned_to_freelist: 9.
num_chunks_taken_from_freelist: 8457.
num_chunk_merges: 9.
num_chunk_splits: 5555.
num_chunks_enlarged: 3555.
num_inconsistent_stats: 0.

CodeHeap 'non-profiled nmethods': size=120000Kb used=5951Kb max_used=5951Kb free=114048Kb
 bounds [0x000001c887ad0000, 0x000001c8880a0000, 0x000001c88f000000]
CodeHeap 'profiled nmethods': size=120000Kb used=18151Kb max_used=18151Kb free=101849Kb
 bounds [0x000001c880000000, 0x000001c8811c0000, 0x000001c887530000]
CodeHeap 'non-nmethods': size=5760Kb used=2099Kb max_used=2155Kb free=3660Kb
 bounds [0x000001c887530000, 0x000001c8877a0000, 0x000001c887ad0000]
 total_blobs=10661 nmethods=9812 adapters=753
 compilation: enabled
              stopped_count=0, restarted_count=0
 full_count=0

Compilation events (20 events):
Event: 74.537 Thread 0x000001c8fd330190 nmethod 11527 0x000001c8811b8590 code [0x000001c8811b8760, 0x000001c8811b8a88]
Event: 74.537 Thread 0x000001c8fd330190 11523       3       com.sun.xml.bind.v2.model.impl.ClassInfoImpl::shouldRecurseSuperClass (37 bytes)
Event: 74.537 Thread 0x000001c8fd330190 nmethod 11523 0x000001c8811b8b90 code [0x000001c8811b8da0, 0x000001c8811b94c8]
Event: 74.537 Thread 0x000001c8fd330190 11524       3       com.sun.xml.bind.v2.model.impl.ClassInfoImpl::hasJAXBAnnotation (13 bytes)
Event: 74.538 Thread 0x000001c8fd330190 nmethod 11524 0x000001c8811b9790 code [0x000001c8811b9940, 0x000001c8811b9aa8]
Event: 74.538 Thread 0x000001c8fd330190 11526       1       com.sun.xml.bind.v2.model.impl.ClassInfoImpl::getClazz (5 bytes)
Event: 74.538 Thread 0x000001c8fd330190 nmethod 11526 0x000001c88809f890 code [0x000001c88809fa20, 0x000001c88809fae8]
Event: 74.538 Thread 0x000001c8fd330190 11528       1       com.sun.xml.bind.v2.model.impl.PropertyInfoImpl::getAdapter (5 bytes)
Event: 74.538 Thread 0x000001c8fd2bf030 11529       4       java.lang.reflect.Method::invoke (108 bytes)
Event: 74.538 Thread 0x000001c8fd330190 nmethod 11528 0x000001c88809fb90 code [0x000001c88809fd20, 0x000001c88809fde8]
Event: 74.539 Thread 0x000001c8fd330190 11531       3       java.util.HashMap::remove (26 bytes)
Event: 74.540 Thread 0x000001c8fd330190 nmethod 11531 0x000001c8811b9b90 code [0x000001c8811b9d60, 0x000001c8811ba0c0]
Event: 74.548 Thread 0x000001c8fd330190 11532       3       com.sun.xml.bind.v2.model.annotation.Quick::<init> (10 bytes)
Event: 74.549 Thread 0x000001c8fd330190 nmethod 11532 0x000001c8811ba210 code [0x000001c8811ba3c0, 0x000001c8811ba578]
Event: 74.589 Thread 0x000001c8fd330190 11533       3       com.sun.xml.bind.v2.model.impl.RuntimeClassInfoImpl$RuntimePropertySeed::getName (10 bytes)
Event: 74.590 Thread 0x000001c8fd330190 nmethod 11533 0x000001c8811ba610 code [0x000001c8811ba7c0, 0x000001c8811ba990]
Event: 74.590 Thread 0x000001c8fd330190 11534       3       com.sun.xml.bind.v2.model.impl.FieldPropertySeed::getName (17 bytes)
Event: 74.591 Thread 0x000001c8fd330190 nmethod 11534 0x000001c8811baa90 code [0x000001c8811bac60, 0x000001c8811bafe0]
Event: 74.591 Thread 0x000001c8fd330190 11535       3       com.sun.xml.bind.v2.model.nav.ReflectionNavigator::getFieldName (9 bytes)
Event: 74.591 Thread 0x000001c8fd330190 nmethod 11535 0x000001c8811bb210 code [0x000001c8811bb3c0, 0x000001c8811bb628]

GC Heap History (20 events):
Event: 42.058 GC heap before
{Heap before GC invocations=25 (full 0):
 garbage-first heap   total 121856K, used 112640K [0x0000000080000000, 0x0000000100000000)
  region size 1024K, 37 young (37888K), 3 survivors (3072K)
 Metaspace       used 79060K, committed 80960K, reserved 1179648K
  class space    used 10638K, committed 11584K, reserved 1048576K
}
Event: 42.068 GC heap after
{Heap after GC invocations=26 (full 0):
 garbage-first heap   total 121856K, used 77569K [0x0000000080000000, 0x0000000100000000)
  region size 1024K, 5 young (5120K), 5 survivors (5120K)
 Metaspace       used 79060K, committed 80960K, reserved 1179648K
  class space    used 10638K, committed 11584K, reserved 1048576K
}
Event: 44.622 GC heap before
{Heap before GC invocations=26 (full 0):
 garbage-first heap   total 121856K, used 109313K [0x0000000080000000, 0x0000000100000000)
  region size 1024K, 36 young (36864K), 5 survivors (5120K)
 Metaspace       used 81501K, committed 83264K, reserved 1179648K
  class space    used 10936K, committed 11840K, reserved 1048576K
}
Event: 44.636 GC heap after
{Heap after GC invocations=27 (full 0):
 garbage-first heap   total 121856K, used 78673K [0x0000000080000000, 0x0000000100000000)
  region size 1024K, 2 young (2048K), 2 survivors (2048K)
 Metaspace       used 81501K, committed 83264K, reserved 1179648K
  class space    used 10936K, committed 11840K, reserved 1048576K
}
Event: 46.851 GC heap before
{Heap before GC invocations=27 (full 0):
 garbage-first heap   total 121856K, used 110417K [0x0000000080000000, 0x0000000100000000)
  region size 1024K, 33 young (33792K), 2 survivors (2048K)
 Metaspace       used 85205K, committed 87040K, reserved 1179648K
  class space    used 11436K, committed 12352K, reserved 1048576K
}
Event: 46.858 GC heap after
{Heap after GC invocations=28 (full 0):
 garbage-first heap   total 121856K, used 80204K [0x0000000080000000, 0x0000000100000000)
  region size 1024K, 4 young (4096K), 4 survivors (4096K)
 Metaspace       used 85205K, committed 87040K, reserved 1179648K
  class space    used 11436K, committed 12352K, reserved 1048576K
}
Event: 48.170 GC heap before
{Heap before GC invocations=29 (full 0):
 garbage-first heap   total 137216K, used 107852K [0x0000000080000000, 0x0000000100000000)
  region size 1024K, 31 young (31744K), 4 survivors (4096K)
 Metaspace       used 87378K, committed 89216K, reserved 1179648K
  class space    used 11705K, committed 12608K, reserved 1048576K
}
Event: 48.182 GC heap after
{Heap after GC invocations=30 (full 0):
 garbage-first heap   total 137216K, used 81419K [0x0000000080000000, 0x0000000100000000)
  region size 1024K, 3 young (3072K), 3 survivors (3072K)
 Metaspace       used 87378K, committed 89216K, reserved 1179648K
  class space    used 11705K, committed 12608K, reserved 1048576K
}
Event: 50.014 GC heap before
{Heap before GC invocations=30 (full 0):
 garbage-first heap   total 137216K, used 128523K [0x0000000080000000, 0x0000000100000000)
  region size 1024K, 46 young (47104K), 3 survivors (3072K)
 Metaspace       used 89072K, committed 90880K, reserved 1179648K
  class space    used 11957K, committed 12864K, reserved 1048576K
}
Event: 50.026 GC heap after
{Heap after GC invocations=31 (full 0):
 garbage-first heap   total 137216K, used 87947K [0x0000000080000000, 0x0000000100000000)
  region size 1024K, 6 young (6144K), 6 survivors (6144K)
 Metaspace       used 89072K, committed 90880K, reserved 1179648K
  class space    used 11957K, committed 12864K, reserved 1048576K
}
Event: 51.163 GC heap before
{Heap before GC invocations=31 (full 0):
 garbage-first heap   total 137216K, used 122763K [0x0000000080000000, 0x0000000100000000)
  region size 1024K, 40 young (40960K), 6 survivors (6144K)
 Metaspace       used 91211K, committed 93120K, reserved 1179648K
  class space    used 12241K, committed 13184K, reserved 1048576K
}
Event: 51.174 GC heap after
{Heap after GC invocations=32 (full 0):
 garbage-first heap   total 137216K, used 89192K [0x0000000080000000, 0x0000000100000000)
  region size 1024K, 2 young (2048K), 2 survivors (2048K)
 Metaspace       used 91211K, committed 93120K, reserved 1179648K
  class space    used 12241K, committed 13184K, reserved 1048576K
}
Event: 54.014 GC heap before
{Heap before GC invocations=33 (full 0):
 garbage-first heap   total 150528K, used 127080K [0x0000000080000000, 0x0000000100000000)
  region size 1024K, 38 young (38912K), 2 survivors (2048K)
 Metaspace       used 93968K, committed 95936K, reserved 1179648K
  class space    used 12697K, committed 13696K, reserved 1048576K
}
Event: 54.020 GC heap after
{Heap after GC invocations=34 (full 0):
 garbage-first heap   total 150528K, used 89946K [0x0000000080000000, 0x0000000100000000)
  region size 1024K, 3 young (3072K), 3 survivors (3072K)
 Metaspace       used 93968K, committed 95936K, reserved 1179648K
  class space    used 12697K, committed 13696K, reserved 1048576K
}
Event: 57.899 GC heap before
{Heap before GC invocations=34 (full 0):
 garbage-first heap   total 150528K, used 138074K [0x0000000080000000, 0x0000000100000000)
  region size 1024K, 50 young (51200K), 3 survivors (3072K)
 Metaspace       used 97822K, committed 99904K, reserved 1179648K
  class space    used 13336K, committed 14400K, reserved 1048576K
}
Event: 57.908 GC heap after
{Heap after GC invocations=35 (full 0):
 garbage-first heap   total 150528K, used 90120K [0x0000000080000000, 0x0000000100000000)
  region size 1024K, 5 young (5120K), 5 survivors (5120K)
 Metaspace       used 97822K, committed 99904K, reserved 1179648K
  class space    used 13336K, committed 14400K, reserved 1048576K
}
Event: 66.692 GC heap before
{Heap before GC invocations=35 (full 0):
 garbage-first heap   total 150528K, used 136200K [0x0000000080000000, 0x0000000100000000)
  region size 1024K, 50 young (51200K), 5 survivors (5120K)
 Metaspace       used 101060K, committed 103168K, reserved 1179648K
  class space    used 13806K, committed 14912K, reserved 1048576K
}
Event: 66.705 GC heap after
{Heap after GC invocations=36 (full 0):
 garbage-first heap   total 150528K, used 93431K [0x0000000080000000, 0x0000000100000000)
  region size 1024K, 7 young (7168K), 7 survivors (7168K)
 Metaspace       used 101060K, committed 103168K, reserved 1179648K
  class space    used 13806K, committed 14912K, reserved 1048576K
}
Event: 74.003 GC heap before
{Heap before GC invocations=37 (full 0):
 garbage-first heap   total 157696K, used 133367K [0x0000000080000000, 0x0000000100000000)
  region size 1024K, 46 young (47104K), 7 survivors (7168K)
 Metaspace       used 103954K, committed 106048K, reserved 1179648K
  class space    used 14292K, committed 15360K, reserved 1048576K
}
Event: 74.017 GC heap after
{Heap after GC invocations=38 (full 0):
 garbage-first heap   total 157696K, used 94591K [0x0000000080000000, 0x0000000100000000)
  region size 1024K, 5 young (5120K), 5 survivors (5120K)
 Metaspace       used 103954K, committed 106048K, reserved 1179648K
  class space    used 14292K, committed 15360K, reserved 1048576K
}

Dll operation events (3 events):
Event: 0.028 Loaded shared library D:\Android Studio Install\jbr\bin\java.dll
Event: 0.044 Loaded shared library D:\Android Studio Install\jbr\bin\zip.dll
Event: 2.728 Loaded shared library D:\Android Studio Install\jbr\bin\verify.dll

Deoptimization events (20 events):
Event: 69.179 Thread 0x000001c8fe2c23a0 Uncommon trap: trap_request=0xffffff45 fr.pc=0x000001c887eb0808 relative=0x0000000000001528
Event: 69.179 Thread 0x000001c8fe2c23a0 Uncommon trap: reason=unstable_if action=reinterpret pc=0x000001c887eb0808 method=java.io.WinNTFileSystem.normalize(Ljava/lang/String;II)Ljava/lang/String; @ 100 c2
Event: 69.179 Thread 0x000001c8fe2c23a0 DEOPT PACKING pc=0x000001c887eb0808 sp=0x0000002fbecf90b0
Event: 69.179 Thread 0x000001c8fe2c23a0 DEOPT UNPACKING pc=0x000001c8875846a2 sp=0x0000002fbecf9098 mode 2
Event: 69.187 Thread 0x000001c8fe2c23a0 Uncommon trap: trap_request=0xffffff45 fr.pc=0x000001c887d05354 relative=0x00000000000000f4
Event: 69.187 Thread 0x000001c8fe2c23a0 Uncommon trap: reason=unstable_if action=reinterpret pc=0x000001c887d05354 method=java.io.WinNTFileSystem.normalize(Ljava/lang/String;)Ljava/lang/String; @ 74 c2
Event: 69.187 Thread 0x000001c8fe2c23a0 DEOPT PACKING pc=0x000001c887d05354 sp=0x0000002fbecf91a0
Event: 69.187 Thread 0x000001c8fe2c23a0 DEOPT UNPACKING pc=0x000001c8875846a2 sp=0x0000002fbecf9128 mode 2
Event: 69.700 Thread 0x000001c8fe2c23a0 DEOPT PACKING pc=0x000001c881110246 sp=0x0000002fbecf91d0
Event: 69.700 Thread 0x000001c8fe2c23a0 DEOPT UNPACKING pc=0x000001c887584e42 sp=0x0000002fbecf8780 mode 0
Event: 70.558 Thread 0x000001c8fe2c23a0 Uncommon trap: trap_request=0xffffffd6 fr.pc=0x000001c888089510 relative=0x0000000000000ed0
Event: 70.558 Thread 0x000001c8fe2c23a0 Uncommon trap: reason=array_check action=maybe_recompile pc=0x000001c888089510 method=com.google.common.collect.RegularImmutableMap.fromEntryArrayCheckingBucketOverflow(I[Ljava/util/Map$Entry;Z)Lcom/google/common/collect/ImmutableMap; @ 220 c2
Event: 70.558 Thread 0x000001c8fe2c23a0 DEOPT PACKING pc=0x000001c888089510 sp=0x0000002fbecf8370
Event: 70.558 Thread 0x000001c8fe2c23a0 DEOPT UNPACKING pc=0x000001c8875846a2 sp=0x0000002fbecf8230 mode 2
Event: 70.596 Thread 0x000001c8fe2c23a0 Uncommon trap: trap_request=0xffffffd6 fr.pc=0x000001c888089510 relative=0x0000000000000ed0
Event: 70.596 Thread 0x000001c8fe2c23a0 Uncommon trap: reason=array_check action=maybe_recompile pc=0x000001c888089510 method=com.google.common.collect.RegularImmutableMap.fromEntryArrayCheckingBucketOverflow(I[Ljava/util/Map$Entry;Z)Lcom/google/common/collect/ImmutableMap; @ 220 c2
Event: 70.596 Thread 0x000001c8fe2c23a0 DEOPT PACKING pc=0x000001c888089510 sp=0x0000002fbecf7fc0
Event: 70.596 Thread 0x000001c8fe2c23a0 DEOPT UNPACKING pc=0x000001c8875846a2 sp=0x0000002fbecf7e80 mode 2
Event: 72.894 Thread 0x000001c8fe2c23a0 DEOPT PACKING pc=0x000001c88091c29f sp=0x0000002fbecf30f0
Event: 72.894 Thread 0x000001c8fe2c23a0 DEOPT UNPACKING pc=0x000001c887584e42 sp=0x0000002fbecf25c8 mode 0

Classes loaded (20 events):
Event: 72.890 Loading class java/awt/image/WritableRenderedImage done
Event: 72.891 Loading class java/awt/image/BufferedImage done
Event: 72.907 Loading class java/awt/datatransfer/Transferable
Event: 72.908 Loading class java/awt/datatransfer/Transferable done
Event: 72.918 Loading class javax/xml/transform/Result
Event: 72.918 Loading class javax/xml/transform/Result done
Event: 72.921 Loading class javax/xml/datatype/XMLGregorianCalendar
Event: 72.922 Loading class javax/xml/datatype/XMLGregorianCalendar done
Event: 73.207 Loading class javax/xml/namespace/NamespaceContext
Event: 73.207 Loading class javax/xml/namespace/NamespaceContext done
Event: 73.208 Loading class javax/xml/datatype/Duration
Event: 73.211 Loading class javax/xml/datatype/Duration done
Event: 74.099 Loading class java/lang/Short$ShortCache
Event: 74.099 Loading class java/lang/Short$ShortCache done
Event: 74.141 Loading class java/util/AbstractList$ListItr
Event: 74.142 Loading class java/util/AbstractList$ListItr done
Event: 74.234 Loading class jdk/internal/ValueBased
Event: 74.235 Loading class jdk/internal/ValueBased done
Event: 74.403 Loading class java/lang/Package$1PackageInfoProxy
Event: 74.404 Loading class java/lang/Package$1PackageInfoProxy done

Classes unloaded (0 events):
No events

Classes redefined (0 events):
No events

Internal exceptions (20 events):
Event: 62.780 Thread 0x000001c8fe2c23a0 Exception <a 'java/lang/ClassNotFoundException'{0x00000000876ef958}: org/gradle/api/internal/project/AbstractPluginAwareCustomizer> (0x00000000876ef958) 
thrown [s\src\hotspot\share\classfile\systemDictionary.cpp, line 312]
Event: 62.782 Thread 0x000001c8fe2c23a0 Exception <a 'java/lang/ClassNotFoundException'{0x0000000087500000}: org/gradle/api/internal/project/DefaultProjectCustomizer> (0x0000000087500000) 
thrown [s\src\hotspot\share\classfile\systemDictionary.cpp, line 312]
Event: 63.044 Thread 0x000001c8fe2c23a0 Exception <a 'java/lang/ClassNotFoundException'{0x00000000875bc1b8}: org/gradle/api/internal/project/DefaultProject_DecoratedCustomizer> (0x00000000875bc1b8) 
thrown [s\src\hotspot\share\classfile\systemDictionary.cpp, line 312]
Event: 63.076 Thread 0x000001c8fe2c23a0 Exception <a 'java/lang/ClassNotFoundException'{0x000000008745d8d8}: org/gradle/api/internal/plugins/NaggingBasePluginConventionBeanInfo> (0x000000008745d8d8) 
thrown [s\src\hotspot\share\classfile\systemDictionary.cpp, line 312]
Event: 63.077 Thread 0x000001c8fe2c23a0 Exception <a 'java/lang/ClassNotFoundException'{0x0000000087469270}: org/gradle/api/plugins/BasePluginConventionBeanInfo> (0x0000000087469270) 
thrown [s\src\hotspot\share\classfile\systemDictionary.cpp, line 312]
Event: 63.078 Thread 0x000001c8fe2c23a0 Exception <a 'java/lang/ClassNotFoundException'{0x0000000087474bd0}: org/gradle/api/plugins/BasePluginConventionCustomizer> (0x0000000087474bd0) 
thrown [s\src\hotspot\share\classfile\systemDictionary.cpp, line 312]
Event: 63.080 Thread 0x000001c8fe2c23a0 Exception <a 'java/lang/ClassNotFoundException'{0x000000008748c8a8}: org/gradle/api/internal/plugins/NaggingBasePluginConventionCustomizer> (0x000000008748c8a8) 
thrown [s\src\hotspot\share\classfile\systemDictionary.cpp, line 312]
Event: 63.095 Thread 0x000001c8fe2c23a0 Exception <a 'java/lang/ClassNotFoundException'{0x00000000874ce7b8}: org/gradle/api/plugins/internal/NaggingJavaPluginConventionBeanInfo> (0x00000000874ce7b8) 
thrown [s\src\hotspot\share\classfile\systemDictionary.cpp, line 312]
Event: 63.096 Thread 0x000001c8fe2c23a0 Exception <a 'java/lang/ClassNotFoundException'{0x00000000874da150}: org/gradle/api/plugins/JavaPluginConventionBeanInfo> (0x00000000874da150) 
thrown [s\src\hotspot\share\classfile\systemDictionary.cpp, line 312]
Event: 63.097 Thread 0x000001c8fe2c23a0 Exception <a 'java/lang/ClassNotFoundException'{0x00000000874e5ab0}: org/gradle/api/plugins/JavaPluginConventionCustomizer> (0x00000000874e5ab0) 
thrown [s\src\hotspot\share\classfile\systemDictionary.cpp, line 312]
Event: 63.101 Thread 0x000001c8fe2c23a0 Exception <a 'java/lang/ClassNotFoundException'{0x0000000087307370}: org/gradle/api/plugins/internal/NaggingJavaPluginConventionCustomizer> (0x0000000087307370) 
thrown [s\src\hotspot\share\classfile\systemDictionary.cpp, line 312]
Event: 66.056 Thread 0x000001c8fe2c23a0 Exception <a 'java/lang/NoSuchMethodError'{0x00000000867f4d78}: 'java.lang.Object java.lang.invoke.DirectMethodHandle$Holder.newInvokeSpecial(java.lang.Object, java.lang.Object, java.lang.Object, java.lang.Object, java.lang.Object, java.lang.Object, int)'> (0x00000000867f4d78) 
thrown [s\src\hotspot\share\interpreter\linkResolver.cpp, line 784]
Event: 66.057 Thread 0x000001c8fe2c23a0 Exception <a 'java/lang/NoSuchMethodError'{0x00000000867f9cc0}: 'java.lang.Object java.lang.invoke.DirectMethodHandle$Holder.invokeSpecial(java.lang.Object, java.lang.Object, java.lang.Object, java.lang.Object, java.lang.Object, java.lang.Object, java.lang.Object, int)'> (0x00000000867f9cc0) 
thrown [s\src\hotspot\share\interpreter\linkResolver.cpp, line 784]
Event: 66.057 Thread 0x000001c8fe2c23a0 Exception <a 'java/lang/NoSuchMethodError'{0x00000000867fe590}: 'java.lang.Object java.lang.invoke.Invokers$Holder.linkToTargetMethod(java.lang.Object, java.lang.Object, java.lang.Object, java.lang.Object, java.lang.Object, int, java.lang.Object)'> (0x00000000867fe590) 
thrown [s\src\hotspot\share\interpreter\linkResolver.cpp, line 784]
Event: 68.072 Thread 0x000001c8fe2c23a0 Implicit null exception at 0x000001c887b500c2 to 0x000001c887b51f28
Event: 70.584 Thread 0x000001c8fe2c23a0 Exception <a 'sun/nio/fs/WindowsException'{0x000000008849dbc8}> (0x000000008849dbc8) 
thrown [s\src\hotspot\share\prims\jni.cpp, line 535]
Event: 70.584 Thread 0x000001c8fe2c23a0 Exception <a 'sun/nio/fs/WindowsException'{0x000000008849f1a0}> (0x000000008849f1a0) 
thrown [s\src\hotspot\share\prims\jni.cpp, line 535]
Event: 70.584 Thread 0x000001c8fe2c23a0 Exception <a 'sun/nio/fs/WindowsException'{0x00000000884a07c8}> (0x00000000884a07c8) 
thrown [s\src\hotspot\share\prims\jni.cpp, line 535]
Event: 70.584 Thread 0x000001c8fe2c23a0 Exception <a 'sun/nio/fs/WindowsException'{0x00000000884a1df0}> (0x00000000884a1df0) 
thrown [s\src\hotspot\share\prims\jni.cpp, line 535]
Event: 72.120 Thread 0x000001c8fe2c23a0 Exception <a 'java/lang/NullPointerException'{0x000000008789eed8}> (0x000000008789eed8) 
thrown [s\src\hotspot\share\interpreter\linkResolver.cpp, line 1471]

ZGC Phase Switch (0 events):
No events

VM Operations (20 events):
Event: 66.913 Executing VM operation: G1PauseRemark
Event: 66.996 Executing VM operation: G1PauseRemark done
Event: 67.078 Executing VM operation: G1PauseCleanup
Event: 67.079 Executing VM operation: G1PauseCleanup done
Event: 68.083 Executing VM operation: Cleanup
Event: 68.083 Executing VM operation: Cleanup done
Event: 69.088 Executing VM operation: Cleanup
Event: 69.088 Executing VM operation: Cleanup done
Event: 70.090 Executing VM operation: Cleanup
Event: 70.184 Executing VM operation: Cleanup done
Event: 71.190 Executing VM operation: Cleanup
Event: 71.190 Executing VM operation: Cleanup done
Event: 71.211 Executing VM operation: HandshakeAllThreads (Deoptimize)
Event: 71.211 Executing VM operation: HandshakeAllThreads (Deoptimize) done
Event: 72.219 Executing VM operation: Cleanup
Event: 72.220 Executing VM operation: Cleanup done
Event: 74.003 Executing VM operation: G1CollectForAllocation (G1 Evacuation Pause)
Event: 74.017 Executing VM operation: G1CollectForAllocation (G1 Evacuation Pause) done
Event: 74.144 Executing VM operation: HandshakeAllThreads (Deoptimize)
Event: 74.144 Executing VM operation: HandshakeAllThreads (Deoptimize) done

Memory protections (0 events):
No events

Nmethod flushes (20 events):
Event: 66.994 Thread 0x000001c8fd024890 flushing  nmethod 0x000001c8800d2690
Event: 66.994 Thread 0x000001c8fd024890 flushing  nmethod 0x000001c88014a990
Event: 66.994 Thread 0x000001c8fd024890 flushing  nmethod 0x000001c8801b1990
Event: 66.994 Thread 0x000001c8fd024890 flushing  nmethod 0x000001c8801b3710
Event: 66.994 Thread 0x000001c8fd024890 flushing  nmethod 0x000001c8801cf690
Event: 66.994 Thread 0x000001c8fd024890 flushing  nmethod 0x000001c8803cc510
Event: 66.994 Thread 0x000001c8fd024890 flushing  nmethod 0x000001c8805c7e90
Event: 66.994 Thread 0x000001c8fd024890 flushing  nmethod 0x000001c880644810
Event: 66.994 Thread 0x000001c8fd024890 flushing  nmethod 0x000001c880644c10
Event: 66.994 Thread 0x000001c8fd024890 flushing  nmethod 0x000001c880734390
Event: 66.994 Thread 0x000001c8fd024890 flushing  nmethod 0x000001c88091b310
Event: 66.994 Thread 0x000001c8fd024890 flushing  nmethod 0x000001c88091b990
Event: 66.994 Thread 0x000001c8fd024890 flushing  nmethod 0x000001c88091bf90
Event: 66.994 Thread 0x000001c8fd024890 flushing  nmethod 0x000001c88091d210
Event: 66.994 Thread 0x000001c8fd024890 flushing  nmethod 0x000001c880939310
Event: 66.994 Thread 0x000001c8fd024890 flushing  nmethod 0x000001c88093cd90
Event: 66.994 Thread 0x000001c8fd024890 flushing  nmethod 0x000001c8809ab810
Event: 66.994 Thread 0x000001c8fd024890 flushing  nmethod 0x000001c880a40210
Event: 66.994 Thread 0x000001c8fd024890 flushing  nmethod 0x000001c880b8b490
Event: 66.994 Thread 0x000001c8fd024890 flushing  nmethod 0x000001c880bedd10

Events (20 events):
Event: 28.655 Thread 0x000001c8fe2c23a0 Thread added: 0x000001c8ff230a20
Event: 30.160 Thread 0x000001c8fe2c23a0 Thread added: 0x000001c8ff229a90
Event: 30.160 Thread 0x000001c8fe2c23a0 Thread added: 0x000001c8ff22a7b0
Event: 30.162 Thread 0x000001c8fe2c23a0 Thread added: 0x000001c8ff22ae40
Event: 33.608 Thread 0x000001c8fd2bf030 Thread added: 0x000001c893af2640
Event: 33.857 Thread 0x000001c893af2640 Thread exited: 0x000001c893af2640
Event: 34.025 Thread 0x000001c8fd330190 Thread added: 0x000001c8ff8736f0
Event: 35.500 Thread 0x000001c8ff8736f0 Thread exited: 0x000001c8ff8736f0
Event: 38.624 Thread 0x000001c8fe2c23a0 Thread added: 0x000001c894b6dc70
Event: 39.976 Thread 0x000001c8fe2c23a0 Thread added: 0x000001c894b68db0
Event: 40.064 Thread 0x000001c8fd2bf030 Thread added: 0x000001c89594e340
Event: 40.449 Thread 0x000001c89594e340 Thread exited: 0x000001c89594e340
Event: 40.810 Thread 0x000001c8fd330190 Thread added: 0x000001c89594e340
Event: 41.412 Thread 0x000001c89594e340 Thread exited: 0x000001c89594e340
Event: 46.231 Thread 0x000001c8fd330190 Thread added: 0x000001c89601a670
Event: 46.707 Thread 0x000001c8fe2c23a0 Thread added: 0x000001c894b6cf50
Event: 47.438 Thread 0x000001c89601a670 Thread exited: 0x000001c89601a670
Event: 58.130 Thread 0x000001c8fd2bf030 Thread added: 0x000001c89ba588d0
Event: 59.173 Thread 0x000001c89ba588d0 Thread exited: 0x000001c89ba588d0
Event: 70.829 Thread 0x000001c8fee9cdf0 Thread exited: 0x000001c8fee9cdf0


Dynamic libraries:
0x00007ff618fb0000 - 0x00007ff618fba000 	D:\Android Studio Install\jbr\bin\java.exe
0x00007ffc20e50000 - 0x00007ffc21048000 	C:\Windows\SYSTEM32\ntdll.dll
0x00007ffc1f2a0000 - 0x00007ffc1f362000 	C:\Windows\System32\KERNEL32.DLL
0x00007ffc1e760000 - 0x00007ffc1ea56000 	C:\Windows\System32\KERNELBASE.dll
0x00007ffc1ebb0000 - 0x00007ffc1ecb0000 	C:\Windows\System32\ucrtbase.dll
0x00007ffc187e0000 - 0x00007ffc187f8000 	D:\Android Studio Install\jbr\bin\jli.dll
0x00007ffc1f100000 - 0x00007ffc1f29d000 	C:\Windows\System32\USER32.dll
0x00007ffc1edb0000 - 0x00007ffc1edd2000 	C:\Windows\System32\win32u.dll
0x00007ffc1f3a0000 - 0x00007ffc1f3cb000 	C:\Windows\System32\GDI32.dll
0x00007ffc1ea90000 - 0x00007ffc1ebaa000 	C:\Windows\System32\gdi32full.dll
0x00007ffc1e630000 - 0x00007ffc1e6cd000 	C:\Windows\System32\msvcp_win.dll
0x00007ffc17a50000 - 0x00007ffc17a6b000 	D:\Android Studio Install\jbr\bin\VCRUNTIME140.dll
0x00007ffc094b0000 - 0x00007ffc0974a000 	C:\Windows\WinSxS\amd64_microsoft.windows.common-controls_6595b64144ccf1df_6.0.19041.4355_none_60b8b9eb71f62e16\COMCTL32.dll
0x00007ffc1ef90000 - 0x00007ffc1f02e000 	C:\Windows\System32\msvcrt.dll
0x00007ffc1f370000 - 0x00007ffc1f39f000 	C:\Windows\System32\IMM32.DLL
0x00007ffc187d0000 - 0x00007ffc187dc000 	D:\Android Studio Install\jbr\bin\vcruntime140_1.dll
0x00007ffbec3e0000 - 0x00007ffbec46d000 	D:\Android Studio Install\jbr\bin\msvcp140.dll
0x00007ffbbc450000 - 0x00007ffbbd0da000 	D:\Android Studio Install\jbr\bin\server\jvm.dll
0x00007ffc20100000 - 0x00007ffc201b1000 	C:\Windows\System32\ADVAPI32.dll
0x00007ffc20d70000 - 0x00007ffc20e0f000 	C:\Windows\System32\sechost.dll
0x00007ffc1ee60000 - 0x00007ffc1ef83000 	C:\Windows\System32\RPCRT4.dll
0x00007ffc1ea60000 - 0x00007ffc1ea87000 	C:\Windows\System32\bcrypt.dll
0x00007ffc20780000 - 0x00007ffc207eb000 	C:\Windows\System32\WS2_32.dll
0x00007ffc1da10000 - 0x00007ffc1da5b000 	C:\Windows\SYSTEM32\POWRPROF.dll
0x00007ffc097d0000 - 0x00007ffc097f7000 	C:\Windows\SYSTEM32\WINMM.dll
0x00007ffc15610000 - 0x00007ffc1561a000 	C:\Windows\SYSTEM32\VERSION.dll
0x00007ffc1d8d0000 - 0x00007ffc1d8e2000 	C:\Windows\SYSTEM32\UMPDC.dll
0x00007ffc1ccf0000 - 0x00007ffc1cd02000 	C:\Windows\SYSTEM32\kernel.appcore.dll
0x00007ffc17fd0000 - 0x00007ffc17fda000 	D:\Android Studio Install\jbr\bin\jimage.dll
0x00007ffc157a0000 - 0x00007ffc15984000 	C:\Windows\SYSTEM32\DBGHELP.DLL
0x00007ffc156f0000 - 0x00007ffc15724000 	C:\Windows\SYSTEM32\dbgcore.DLL
0x00007ffc1e6d0000 - 0x00007ffc1e752000 	C:\Windows\System32\bcryptPrimitives.dll
0x00007ffc18380000 - 0x00007ffc1838e000 	D:\Android Studio Install\jbr\bin\instrument.dll
0x00007ffc17a70000 - 0x00007ffc17a90000 	D:\Android Studio Install\jbr\bin\java.dll
0x00007ffc16680000 - 0x00007ffc16698000 	D:\Android Studio Install\jbr\bin\zip.dll
0x00007ffc1f870000 - 0x00007ffc1ffdf000 	C:\Windows\System32\SHELL32.dll
0x00007ffc1c500000 - 0x00007ffc1cca3000 	C:\Windows\SYSTEM32\windows.storage.dll
0x00007ffc1f510000 - 0x00007ffc1f865000 	C:\Windows\System32\combase.dll
0x00007ffc1df00000 - 0x00007ffc1df2b000 	C:\Windows\SYSTEM32\Wldp.dll
0x00007ffc1f030000 - 0x00007ffc1f0fd000 	C:\Windows\System32\OLEAUT32.dll
0x00007ffc208a0000 - 0x00007ffc2094d000 	C:\Windows\System32\SHCORE.dll
0x00007ffc1f450000 - 0x00007ffc1f4a5000 	C:\Windows\System32\shlwapi.dll
0x00007ffc1e400000 - 0x00007ffc1e425000 	C:\Windows\SYSTEM32\profapi.dll
0x00007ffc17f50000 - 0x00007ffc17f60000 	D:\Android Studio Install\jbr\bin\net.dll
0x00007ffc1b590000 - 0x00007ffc1b69a000 	C:\Windows\SYSTEM32\WINHTTP.dll
0x00007ffc1dc60000 - 0x00007ffc1dccc000 	C:\Windows\system32\mswsock.dll
0x00007ffc15ba0000 - 0x00007ffc15bb6000 	D:\Android Studio Install\jbr\bin\nio.dll
0x00007ffc18340000 - 0x00007ffc18350000 	D:\Android Studio Install\jbr\bin\verify.dll
0x00007ffc11420000 - 0x00007ffc11447000 	C:\Users\LENOVO\.gradle\native\c067742578af261105cb4f569cf0c3c89f3d7b1fecec35dd04571415982c5e48\windows-amd64\native-platform.dll
0x00007ffbeb1d0000 - 0x00007ffbeb314000 	C:\Users\LENOVO\.gradle\native\100fb08df4bc3b14c8652ba06237920a3bd2aa13389f12d3474272988ae205f9\windows-amd64\native-platform-file-events.dll
0x00007ffc18360000 - 0x00007ffc18369000 	D:\Android Studio Install\jbr\bin\management.dll
0x00007ffc15580000 - 0x00007ffc1558b000 	D:\Android Studio Install\jbr\bin\management_ext.dll
0x00007ffc20d60000 - 0x00007ffc20d68000 	C:\Windows\System32\PSAPI.DLL
0x00007ffc1de60000 - 0x00007ffc1de78000 	C:\Windows\SYSTEM32\CRYPTSP.dll
0x00007ffc1d510000 - 0x00007ffc1d548000 	C:\Windows\system32\rsaenh.dll
0x00007ffc1e3c0000 - 0x00007ffc1e3ee000 	C:\Windows\SYSTEM32\USERENV.dll
0x00007ffc1de50000 - 0x00007ffc1de5c000 	C:\Windows\SYSTEM32\CRYPTBASE.dll
0x00007ffc1d8f0000 - 0x00007ffc1d92b000 	C:\Windows\SYSTEM32\IPHLPAPI.DLL
0x00007ffc20c60000 - 0x00007ffc20c68000 	C:\Windows\System32\NSI.dll
0x00007ffc15b90000 - 0x00007ffc15b99000 	D:\Android Studio Install\jbr\bin\extnet.dll
0x00007ffc169d0000 - 0x00007ffc169d7000 	C:\Windows\system32\wshunix.dll

dbghelp: loaded successfully - version: 4.0.5 - missing functions: none
symbol engine: initialized successfully - sym options: 0x614 - pdb path: .;D:\Android Studio Install\jbr\bin;C:\Windows\SYSTEM32;C:\Windows\WinSxS\amd64_microsoft.windows.common-controls_6595b64144ccf1df_6.0.19041.4355_none_60b8b9eb71f62e16;D:\Android Studio Install\jbr\bin\server;C:\Users\LENOVO\.gradle\native\c067742578af261105cb4f569cf0c3c89f3d7b1fecec35dd04571415982c5e48\windows-amd64;C:\Users\LENOVO\.gradle\native\100fb08df4bc3b14c8652ba06237920a3bd2aa13389f12d3474272988ae205f9\windows-amd64

VM Arguments:
jvm_args: --add-opens=java.base/java.lang=ALL-UNNAMED --add-opens=java.base/java.lang.invoke=ALL-UNNAMED --add-opens=java.base/java.util=ALL-UNNAMED --add-opens=java.prefs/java.util.prefs=ALL-UNNAMED --add-exports=jdk.compiler/com.sun.tools.javac.api=ALL-UNNAMED --add-exports=jdk.compiler/com.sun.tools.javac.util=ALL-UNNAMED --add-opens=java.base/java.util=ALL-UNNAMED --add-opens=java.prefs/java.util.prefs=ALL-UNNAMED --add-opens=java.base/java.nio.charset=ALL-UNNAMED --add-opens=java.base/java.net=ALL-UNNAMED --add-opens=java.base/java.util.concurrent.atomic=ALL-UNNAMED --add-opens=java.xml/javax.xml.namespace=ALL-UNNAMED -Xmx2048m -Dfile.encoding=UTF-8 -Duser.country=US -Duser.language=en -Duser.variant -javaagent:C:\Users\LENOVO\.gradle\wrapper\dists\gradle-8.11.1-bin\bpt9gzteqjrbo1mjrsomdt32c\gradle-8.11.1\lib\agents\gradle-instrumentation-agent-8.11.1.jar 
java_command: org.gradle.launcher.daemon.bootstrap.GradleDaemon 8.11.1
java_class_path (initial): C:\Users\LENOVO\.gradle\wrapper\dists\gradle-8.11.1-bin\bpt9gzteqjrbo1mjrsomdt32c\gradle-8.11.1\lib\gradle-daemon-main-8.11.1.jar
Launcher Type: SUN_STANDARD

[Global flags]
     intx CICompilerCount                          = 3                                         {product} {ergonomic}
     uint ConcGCThreads                            = 1                                         {product} {ergonomic}
     uint G1ConcRefinementThreads                  = 4                                         {product} {ergonomic}
   size_t G1HeapRegionSize                         = 1048576                                   {product} {ergonomic}
    uintx GCDrainStackTargetSize                   = 64                                        {product} {ergonomic}
   size_t InitialHeapSize                          = 132120576                                 {product} {ergonomic}
   size_t MarkStackSize                            = 4194304                                   {product} {ergonomic}
   size_t MaxHeapSize                              = 2147483648                                {product} {command line}
   size_t MaxNewSize                               = 1287651328                                {product} {ergonomic}
   size_t MinHeapDeltaBytes                        = 1048576                                   {product} {ergonomic}
   size_t MinHeapSize                              = 8388608                                   {product} {ergonomic}
    uintx NonNMethodCodeHeapSize                   = 5832780                                {pd product} {ergonomic}
    uintx NonProfiledCodeHeapSize                  = 122912730                              {pd product} {ergonomic}
    uintx ProfiledCodeHeapSize                     = 122912730                              {pd product} {ergonomic}
    uintx ReservedCodeCacheSize                    = 251658240                              {pd product} {ergonomic}
     bool SegmentedCodeCache                       = true                                      {product} {ergonomic}
   size_t SoftMaxHeapSize                          = 2147483648                             {manageable} {ergonomic}
     bool UseCompressedOops                        = true                           {product lp64_product} {ergonomic}
     bool UseG1GC                                  = true                                      {product} {ergonomic}
     bool UseLargePagesIndividualAllocation        = false                                  {pd product} {ergonomic}

Logging:
Log output configuration:
 #0: stdout all=warning uptime,level,tags foldmultilines=false
 #1: stderr all=off uptime,level,tags foldmultilines=false

Environment Variables:
JAVA_HOME=C:\Program Files\java-se-8u41-ri
PATH=C:\Program Files\PostgreSQL\16\bin;C:\Program Files\Common Files\Oracle\Java\javapath;C:\Windows\system32;C:\Windows;C:\Windows\System32\Wbem;C:\Windows\System32\WindowsPowerShell\v1.0\;C:\Windows\System32\OpenSSH\;c:\Program Files (x86)\Intel\Intel(R) Management Engine Components\DAL;c:\Program Files\Intel\Intel(R) Management Engine Components\DAL;%JAVA_HOME%\bin;C:\xampp\mysql\bin;D:\Git\cmd;D:\NodeJS\;C:\Program Files\PostgreSQL\16\bin;C:\Program Files\Common Files\Oracle\Java\javapath;C:\Windows\system32;C:\Windows;C:\Windows\System32\Wbem;C:\Windows\System32\WindowsPowerShell\v1.0\;C:\Windows\System32\OpenSSH\;c:\Program Files (x86)\Intel\Intel(R) Management Engine Components\DAL;c:\Program Files\Intel\Intel(R) Management Engine Components\DAL;C:\Program Files\java-se-8u41-ri\bin;C:\xampp\mysql\bin;D:\Git\cmd;D:\NodeJS\;C:\Users\LENOVO\AppData\Local\Programs\Python\Launcher\;C:\Users\LENOVO\AppData\Local\Microsoft\WindowsApps;C:\Program Files\java-se-8u41-ri\bin;C:\Users\LENOVO\AppData\Local\Programs\Microsoft VS Code\bin;C:\Users\LENOVO\AppData\Roaming\npm;D:\npm-global\bin
USERNAME=LENOVO
OS=Windows_NT
PROCESSOR_IDENTIFIER=Intel64 Family 6 Model 78 Stepping 3, GenuineIntel
TMP=C:\Users\LENOVO\AppData\Local\Temp
TEMP=C:\Users\LENOVO\AppData\Local\Temp




Periodic native trim disabled

JNI global refs:
JNI global refs: 27, weak refs: 0

JNI global refs memory usage: 835, weak refs: 833

Process memory usage:
Resident Set Size: 352236K (4% of 8219548K total physical memory with 526084K free physical memory)

OOME stack traces (most recent first):
Classloader memory used:
Loader org.gradle.internal.classloader.VisitableURLClassLoader                         : 38642K
Loader bootstrap                                                                       : 27667K
Loader org.gradle.internal.classloader.VisitableURLClassLoader$InstrumentingVisitableURLClassLoader: 25797K
Loader org.gradle.initialization.MixInLegacyTypesClassLoader                           : 11083K
Loader jdk.internal.loader.ClassLoaders$PlatformClassLoader                            : 519K
Loader jdk.internal.loader.ClassLoaders$AppClassLoader                                 : 232K
Loader jdk.internal.reflect.DelegatingClassLoader                                      : 231K
Loader org.gradle.internal.classloader.VisitableURLClassLoader                         : 225K


[error occurred during error reporting (Classloader stats), id 0xe0000001, Out of Memory Error (s\src\hotspot\share\memory\arena.cpp:168)]
---------------  S Y S T E M  ---------------

OS:
 Windows 10 , 64 bit Build 19041 (10.0.19041.5678)
OS uptime: 9 days 2:52 hours

CPU: total 4 (initial active 4) (2 cores per cpu, 2 threads per core) family 6 model 78 stepping 3 microcode 0xf0, cx8, cmov, fxsr, ht, mmx, 3dnowpref, sse, sse2, sse3, ssse3, sse4.1, sse4.2, popcnt, lzcnt, tsc, tscinvbit, avx, avx2, aes, erms, clmul, bmi1, bmi2, rtm, adx, fma, vzeroupper, clflush, clflushopt, rdtscp, f16c
Processor Information for all 4 processors :
  Max Mhz: 2496, Current Mhz: 2396, Mhz Limit: 2396

Memory: 4k page, system-wide physical 8026M (513M free)
TotalPageFile size 15051M (AvailPageFile size 1M)
current process WorkingSet (physical memory assigned to process): 344M, peak: 381M
current process commit charge ("private bytes"): 428M, peak: 429M

vm_info: OpenJDK 64-Bit Server VM (21.0.5+-13047016-b750.29) for windows-amd64 JRE (21.0.5+-13047016-b750.29), built on 2025-02-11T21:12:39Z by "builder" with MS VC++ 16.10 / 16.11 (VS2019)

END.
